<?xml version="1.0" encoding="UTF-8"?>
<testng-results skipped="0" failed="27" total="51" passed="24">
  <reporter-output>
  </reporter-output>
  <suite name="Default suite" duration-ms="147" started-at="2015-10-31T00:29:15Z" finished-at="2015-10-31T00:29:15Z">
    <groups>
    </groups>
    <test name="Default test" duration-ms="147" started-at="2015-10-31T00:29:15Z" finished-at="2015-10-31T00:29:15Z">
      <class name="geometricObjects.Circle.test.CircleTest">
        <test-method status="PASS" signature="initGeometOb()[pri:0, instance:geometricObjects.Circle.test.CircleTest@529b2735]" name="initGeometOb" is-config="true" duration-ms="0" started-at="2015-10-31T03:29:15Z" finished-at="2015-10-31T03:29:15Z">
          <reporter-output>
          </reporter-output>
        </test-method> <!-- initGeometOb -->
        <test-method status="PASS" signature="checkingAreaCircleTest(double, int)[pri:0, instance:geometricObjects.Circle.test.CircleTest@529b2735]" name="checkingAreaCircleTest" duration-ms="9" started-at="2015-10-31T03:29:15Z" data-provider="DataForTest" finished-at="2015-10-31T03:29:15Z">
          <params>
            <param index="0">
              <value>
                <![CDATA[4]]>
              </value>
            </param>
            <param index="1">
              <value>
                <![CDATA[3]]>
              </value>
            </param>
          </params>
          <reporter-output>
          </reporter-output>
        </test-method> <!-- checkingAreaCircleTest -->
        <test-method status="PASS" signature="checkingAreaCircleTest(double, int)[pri:0, instance:geometricObjects.Circle.test.CircleTest@529b2735]" name="checkingAreaCircleTest" duration-ms="0" started-at="2015-10-31T03:29:15Z" data-provider="DataForTest" finished-at="2015-10-31T03:29:15Z">
          <params>
            <param index="0">
              <value>
                <![CDATA[0]]>
              </value>
            </param>
            <param index="1">
              <value>
                <![CDATA[3]]>
              </value>
            </param>
          </params>
          <reporter-output>
          </reporter-output>
        </test-method> <!-- checkingAreaCircleTest -->
        <test-method status="FAIL" signature="checkingAreaCircleTest(double, int)[pri:0, instance:geometricObjects.Circle.test.CircleTest@529b2735]" name="checkingAreaCircleTest" duration-ms="1" started-at="2015-10-31T03:29:15Z" data-provider="DataForTest" finished-at="2015-10-31T03:29:15Z">
          <params>
            <param index="0">
              <value>
                <![CDATA[-1]]>
              </value>
            </param>
            <param index="1">
              <value>
                <![CDATA[3]]>
              </value>
            </param>
          </params>
          <exception class="java.lang.AssertionError">
            <message>
              <![CDATA[For radius = -1.0 And the number of decimal places 3
The test fails, the area or the number of decimal places does not match expected [3.142] but found [0.0]]]>
            </message>
            <full-stacktrace>
              <![CDATA[java.lang.AssertionError: For radius = -1.0 And the number of decimal places 3
The test fails, the area or the number of decimal places does not match expected [3.142] but found [0.0]
	at org.testng.Assert.fail(Assert.java:94)
	at org.testng.Assert.failNotEquals(Assert.java:496)
	at org.testng.Assert.assertEquals(Assert.java:125)
	at geometricObjects.Circle.test.CircleTest.checkingAreaCircleTest(CircleTest.java:44)
	at sun.reflect.NativeMethodAccessorImpl.invoke0(Native Method)
	at sun.reflect.NativeMethodAccessorImpl.invoke(NativeMethodAccessorImpl.java:57)
	at sun.reflect.DelegatingMethodAccessorImpl.invoke(DelegatingMethodAccessorImpl.java:43)
	at java.lang.reflect.Method.invoke(Method.java:606)
	at org.testng.internal.MethodInvocationHelper.invokeMethod(MethodInvocationHelper.java:85)
	at org.testng.internal.Invoker.invokeMethod(Invoker.java:639)
	at org.testng.internal.Invoker.invokeTestMethod(Invoker.java:816)
	at org.testng.internal.Invoker.invokeTestMethods(Invoker.java:1124)
	at org.testng.internal.TestMethodWorker.invokeTestMethods(TestMethodWorker.java:125)
	at org.testng.internal.TestMethodWorker.run(TestMethodWorker.java:108)
	at org.testng.TestRunner.privateRun(TestRunner.java:774)
	at org.testng.TestRunner.run(TestRunner.java:624)
	at org.testng.SuiteRunner.runTest(SuiteRunner.java:359)
	at org.testng.SuiteRunner.runSequentially(SuiteRunner.java:354)
	at org.testng.SuiteRunner.privateRun(SuiteRunner.java:312)
	at org.testng.SuiteRunner.run(SuiteRunner.java:261)
	at org.testng.SuiteRunnerWorker.runSuite(SuiteRunnerWorker.java:52)
	at org.testng.SuiteRunnerWorker.run(SuiteRunnerWorker.java:86)
	at org.testng.TestNG.runSuitesSequentially(TestNG.java:1215)
	at org.testng.TestNG.runSuitesLocally(TestNG.java:1140)
	at org.testng.TestNG.run(TestNG.java:1048)
	at org.testng.remote.RemoteTestNG.run(RemoteTestNG.java:112)
	at org.testng.remote.RemoteTestNG.initAndRun(RemoteTestNG.java:205)
	at org.testng.remote.RemoteTestNG.main(RemoteTestNG.java:176)
]]>
            </full-stacktrace>
          </exception> <!-- java.lang.AssertionError -->
          <reporter-output>
          </reporter-output>
        </test-method> <!-- checkingAreaCircleTest -->
        <test-method status="FAIL" signature="checkingAreaCircleTest(double, int)[pri:0, instance:geometricObjects.Circle.test.CircleTest@529b2735]" name="checkingAreaCircleTest" duration-ms="0" started-at="2015-10-31T03:29:15Z" data-provider="DataForTest" finished-at="2015-10-31T03:29:15Z">
          <params>
            <param index="0">
              <value>
                <![CDATA[5]]>
              </value>
            </param>
            <param index="1">
              <value>
                <![CDATA[4]]>
              </value>
            </param>
          </params>
          <exception class="java.lang.AssertionError">
            <message>
              <![CDATA[For radius = 5.0 And the number of decimal places 4
The test fails, the area or the number of decimal places does not match expected [78.5398] but found [78.54]]]>
            </message>
            <full-stacktrace>
              <![CDATA[java.lang.AssertionError: For radius = 5.0 And the number of decimal places 4
The test fails, the area or the number of decimal places does not match expected [78.5398] but found [78.54]
	at org.testng.Assert.fail(Assert.java:94)
	at org.testng.Assert.failNotEquals(Assert.java:496)
	at org.testng.Assert.assertEquals(Assert.java:125)
	at geometricObjects.Circle.test.CircleTest.checkingAreaCircleTest(CircleTest.java:44)
	at sun.reflect.NativeMethodAccessorImpl.invoke0(Native Method)
	at sun.reflect.NativeMethodAccessorImpl.invoke(NativeMethodAccessorImpl.java:57)
	at sun.reflect.DelegatingMethodAccessorImpl.invoke(DelegatingMethodAccessorImpl.java:43)
	at java.lang.reflect.Method.invoke(Method.java:606)
	at org.testng.internal.MethodInvocationHelper.invokeMethod(MethodInvocationHelper.java:85)
	at org.testng.internal.Invoker.invokeMethod(Invoker.java:639)
	at org.testng.internal.Invoker.invokeTestMethod(Invoker.java:816)
	at org.testng.internal.Invoker.invokeTestMethods(Invoker.java:1124)
	at org.testng.internal.TestMethodWorker.invokeTestMethods(TestMethodWorker.java:125)
	at org.testng.internal.TestMethodWorker.run(TestMethodWorker.java:108)
	at org.testng.TestRunner.privateRun(TestRunner.java:774)
	at org.testng.TestRunner.run(TestRunner.java:624)
	at org.testng.SuiteRunner.runTest(SuiteRunner.java:359)
	at org.testng.SuiteRunner.runSequentially(SuiteRunner.java:354)
	at org.testng.SuiteRunner.privateRun(SuiteRunner.java:312)
	at org.testng.SuiteRunner.run(SuiteRunner.java:261)
	at org.testng.SuiteRunnerWorker.runSuite(SuiteRunnerWorker.java:52)
	at org.testng.SuiteRunnerWorker.run(SuiteRunnerWorker.java:86)
	at org.testng.TestNG.runSuitesSequentially(TestNG.java:1215)
	at org.testng.TestNG.runSuitesLocally(TestNG.java:1140)
	at org.testng.TestNG.run(TestNG.java:1048)
	at org.testng.remote.RemoteTestNG.run(RemoteTestNG.java:112)
	at org.testng.remote.RemoteTestNG.initAndRun(RemoteTestNG.java:205)
	at org.testng.remote.RemoteTestNG.main(RemoteTestNG.java:176)
]]>
            </full-stacktrace>
          </exception> <!-- java.lang.AssertionError -->
          <reporter-output>
          </reporter-output>
        </test-method> <!-- checkingAreaCircleTest -->
        <test-method status="FAIL" signature="checkingAreaCircleTest(double, int)[pri:0, instance:geometricObjects.Circle.test.CircleTest@529b2735]" name="checkingAreaCircleTest" duration-ms="0" started-at="2015-10-31T03:29:15Z" data-provider="DataForTest" finished-at="2015-10-31T03:29:15Z">
          <params>
            <param index="0">
              <value>
                <![CDATA[3]]>
              </value>
            </param>
            <param index="1">
              <value>
                <![CDATA[1]]>
              </value>
            </param>
          </params>
          <exception class="java.lang.AssertionError">
            <message>
              <![CDATA[For radius = 3.0 And the number of decimal places 1
The test fails, the area or the number of decimal places does not match expected [28.3] but found [28.274]]]>
            </message>
            <full-stacktrace>
              <![CDATA[java.lang.AssertionError: For radius = 3.0 And the number of decimal places 1
The test fails, the area or the number of decimal places does not match expected [28.3] but found [28.274]
	at org.testng.Assert.fail(Assert.java:94)
	at org.testng.Assert.failNotEquals(Assert.java:496)
	at org.testng.Assert.assertEquals(Assert.java:125)
	at geometricObjects.Circle.test.CircleTest.checkingAreaCircleTest(CircleTest.java:44)
	at sun.reflect.NativeMethodAccessorImpl.invoke0(Native Method)
	at sun.reflect.NativeMethodAccessorImpl.invoke(NativeMethodAccessorImpl.java:57)
	at sun.reflect.DelegatingMethodAccessorImpl.invoke(DelegatingMethodAccessorImpl.java:43)
	at java.lang.reflect.Method.invoke(Method.java:606)
	at org.testng.internal.MethodInvocationHelper.invokeMethod(MethodInvocationHelper.java:85)
	at org.testng.internal.Invoker.invokeMethod(Invoker.java:639)
	at org.testng.internal.Invoker.invokeTestMethod(Invoker.java:816)
	at org.testng.internal.Invoker.invokeTestMethods(Invoker.java:1124)
	at org.testng.internal.TestMethodWorker.invokeTestMethods(TestMethodWorker.java:125)
	at org.testng.internal.TestMethodWorker.run(TestMethodWorker.java:108)
	at org.testng.TestRunner.privateRun(TestRunner.java:774)
	at org.testng.TestRunner.run(TestRunner.java:624)
	at org.testng.SuiteRunner.runTest(SuiteRunner.java:359)
	at org.testng.SuiteRunner.runSequentially(SuiteRunner.java:354)
	at org.testng.SuiteRunner.privateRun(SuiteRunner.java:312)
	at org.testng.SuiteRunner.run(SuiteRunner.java:261)
	at org.testng.SuiteRunnerWorker.runSuite(SuiteRunnerWorker.java:52)
	at org.testng.SuiteRunnerWorker.run(SuiteRunnerWorker.java:86)
	at org.testng.TestNG.runSuitesSequentially(TestNG.java:1215)
	at org.testng.TestNG.runSuitesLocally(TestNG.java:1140)
	at org.testng.TestNG.run(TestNG.java:1048)
	at org.testng.remote.RemoteTestNG.run(RemoteTestNG.java:112)
	at org.testng.remote.RemoteTestNG.initAndRun(RemoteTestNG.java:205)
	at org.testng.remote.RemoteTestNG.main(RemoteTestNG.java:176)
]]>
            </full-stacktrace>
          </exception> <!-- java.lang.AssertionError -->
          <reporter-output>
          </reporter-output>
        </test-method> <!-- checkingAreaCircleTest -->
        <test-method status="FAIL" signature="checkingAreaCircleTest(double, int)[pri:0, instance:geometricObjects.Circle.test.CircleTest@529b2735]" name="checkingAreaCircleTest" duration-ms="1" started-at="2015-10-31T03:29:15Z" data-provider="DataForTest" finished-at="2015-10-31T03:29:15Z">
          <params>
            <param index="0">
              <value>
                <![CDATA[5]]>
              </value>
            </param>
            <param index="1">
              <value>
                <![CDATA[0]]>
              </value>
            </param>
          </params>
          <exception class="java.lang.AssertionError">
            <message>
              <![CDATA[For radius = 5.0 And the number of decimal places 0
The test fails, the area or the number of decimal places does not match expected [79.0] but found [78.54]]]>
            </message>
            <full-stacktrace>
              <![CDATA[java.lang.AssertionError: For radius = 5.0 And the number of decimal places 0
The test fails, the area or the number of decimal places does not match expected [79.0] but found [78.54]
	at org.testng.Assert.fail(Assert.java:94)
	at org.testng.Assert.failNotEquals(Assert.java:496)
	at org.testng.Assert.assertEquals(Assert.java:125)
	at geometricObjects.Circle.test.CircleTest.checkingAreaCircleTest(CircleTest.java:44)
	at sun.reflect.NativeMethodAccessorImpl.invoke0(Native Method)
	at sun.reflect.NativeMethodAccessorImpl.invoke(NativeMethodAccessorImpl.java:57)
	at sun.reflect.DelegatingMethodAccessorImpl.invoke(DelegatingMethodAccessorImpl.java:43)
	at java.lang.reflect.Method.invoke(Method.java:606)
	at org.testng.internal.MethodInvocationHelper.invokeMethod(MethodInvocationHelper.java:85)
	at org.testng.internal.Invoker.invokeMethod(Invoker.java:639)
	at org.testng.internal.Invoker.invokeTestMethod(Invoker.java:816)
	at org.testng.internal.Invoker.invokeTestMethods(Invoker.java:1124)
	at org.testng.internal.TestMethodWorker.invokeTestMethods(TestMethodWorker.java:125)
	at org.testng.internal.TestMethodWorker.run(TestMethodWorker.java:108)
	at org.testng.TestRunner.privateRun(TestRunner.java:774)
	at org.testng.TestRunner.run(TestRunner.java:624)
	at org.testng.SuiteRunner.runTest(SuiteRunner.java:359)
	at org.testng.SuiteRunner.runSequentially(SuiteRunner.java:354)
	at org.testng.SuiteRunner.privateRun(SuiteRunner.java:312)
	at org.testng.SuiteRunner.run(SuiteRunner.java:261)
	at org.testng.SuiteRunnerWorker.runSuite(SuiteRunnerWorker.java:52)
	at org.testng.SuiteRunnerWorker.run(SuiteRunnerWorker.java:86)
	at org.testng.TestNG.runSuitesSequentially(TestNG.java:1215)
	at org.testng.TestNG.runSuitesLocally(TestNG.java:1140)
	at org.testng.TestNG.run(TestNG.java:1048)
	at org.testng.remote.RemoteTestNG.run(RemoteTestNG.java:112)
	at org.testng.remote.RemoteTestNG.initAndRun(RemoteTestNG.java:205)
	at org.testng.remote.RemoteTestNG.main(RemoteTestNG.java:176)
]]>
            </full-stacktrace>
          </exception> <!-- java.lang.AssertionError -->
          <reporter-output>
          </reporter-output>
        </test-method> <!-- checkingAreaCircleTest -->
        <test-method status="FAIL" signature="checkingAreaCircleTest(double, int)[pri:0, instance:geometricObjects.Circle.test.CircleTest@529b2735]" name="checkingAreaCircleTest" duration-ms="1" started-at="2015-10-31T03:29:15Z" data-provider="DataForTest" finished-at="2015-10-31T03:29:15Z">
          <params>
            <param index="0">
              <value>
                <![CDATA[5]]>
              </value>
            </param>
            <param index="1">
              <value>
                <![CDATA[-1]]>
              </value>
            </param>
          </params>
          <exception class="java.lang.AssertionError">
            <message>
              <![CDATA[For radius = 5.0 And the number of decimal places -1
The test fails, the area or the number of decimal places does not match expected [80.0] but found [78.54]]]>
            </message>
            <full-stacktrace>
              <![CDATA[java.lang.AssertionError: For radius = 5.0 And the number of decimal places -1
The test fails, the area or the number of decimal places does not match expected [80.0] but found [78.54]
	at org.testng.Assert.fail(Assert.java:94)
	at org.testng.Assert.failNotEquals(Assert.java:496)
	at org.testng.Assert.assertEquals(Assert.java:125)
	at geometricObjects.Circle.test.CircleTest.checkingAreaCircleTest(CircleTest.java:44)
	at sun.reflect.NativeMethodAccessorImpl.invoke0(Native Method)
	at sun.reflect.NativeMethodAccessorImpl.invoke(NativeMethodAccessorImpl.java:57)
	at sun.reflect.DelegatingMethodAccessorImpl.invoke(DelegatingMethodAccessorImpl.java:43)
	at java.lang.reflect.Method.invoke(Method.java:606)
	at org.testng.internal.MethodInvocationHelper.invokeMethod(MethodInvocationHelper.java:85)
	at org.testng.internal.Invoker.invokeMethod(Invoker.java:639)
	at org.testng.internal.Invoker.invokeTestMethod(Invoker.java:816)
	at org.testng.internal.Invoker.invokeTestMethods(Invoker.java:1124)
	at org.testng.internal.TestMethodWorker.invokeTestMethods(TestMethodWorker.java:125)
	at org.testng.internal.TestMethodWorker.run(TestMethodWorker.java:108)
	at org.testng.TestRunner.privateRun(TestRunner.java:774)
	at org.testng.TestRunner.run(TestRunner.java:624)
	at org.testng.SuiteRunner.runTest(SuiteRunner.java:359)
	at org.testng.SuiteRunner.runSequentially(SuiteRunner.java:354)
	at org.testng.SuiteRunner.privateRun(SuiteRunner.java:312)
	at org.testng.SuiteRunner.run(SuiteRunner.java:261)
	at org.testng.SuiteRunnerWorker.runSuite(SuiteRunnerWorker.java:52)
	at org.testng.SuiteRunnerWorker.run(SuiteRunnerWorker.java:86)
	at org.testng.TestNG.runSuitesSequentially(TestNG.java:1215)
	at org.testng.TestNG.runSuitesLocally(TestNG.java:1140)
	at org.testng.TestNG.run(TestNG.java:1048)
	at org.testng.remote.RemoteTestNG.run(RemoteTestNG.java:112)
	at org.testng.remote.RemoteTestNG.initAndRun(RemoteTestNG.java:205)
	at org.testng.remote.RemoteTestNG.main(RemoteTestNG.java:176)
]]>
            </full-stacktrace>
          </exception> <!-- java.lang.AssertionError -->
          <reporter-output>
          </reporter-output>
        </test-method> <!-- checkingAreaCircleTest -->
        <test-method status="PASS" signature="checkingAreaCircleTestExclusion(java.lang.Double, java.lang.Integer)[pri:0, instance:geometricObjects.Circle.test.CircleTest@529b2735]" name="checkingAreaCircleTestExclusion" duration-ms="1" started-at="2015-10-31T03:29:15Z" data-provider="DataForTest2" finished-at="2015-10-31T03:29:15Z">
          <params>
            <param index="0">
              <value is-null="true"/>
            </param>
            <param index="1">
              <value>
                <![CDATA[3]]>
              </value>
            </param>
          </params>
          <exception class="java.lang.NullPointerException">
            <full-stacktrace>
              <![CDATA[java.lang.NullPointerException
	at geometricObjects.Circle.test.CircleTest.checkingAreaCircleTestExclusion(CircleTest.java:70)
	at sun.reflect.NativeMethodAccessorImpl.invoke0(Native Method)
	at sun.reflect.NativeMethodAccessorImpl.invoke(NativeMethodAccessorImpl.java:57)
	at sun.reflect.DelegatingMethodAccessorImpl.invoke(DelegatingMethodAccessorImpl.java:43)
	at java.lang.reflect.Method.invoke(Method.java:606)
	at org.testng.internal.MethodInvocationHelper.invokeMethod(MethodInvocationHelper.java:85)
	at org.testng.internal.Invoker.invokeMethod(Invoker.java:639)
	at org.testng.internal.Invoker.invokeTestMethod(Invoker.java:816)
	at org.testng.internal.Invoker.invokeTestMethods(Invoker.java:1124)
	at org.testng.internal.TestMethodWorker.invokeTestMethods(TestMethodWorker.java:125)
	at org.testng.internal.TestMethodWorker.run(TestMethodWorker.java:108)
	at org.testng.TestRunner.privateRun(TestRunner.java:774)
	at org.testng.TestRunner.run(TestRunner.java:624)
	at org.testng.SuiteRunner.runTest(SuiteRunner.java:359)
	at org.testng.SuiteRunner.runSequentially(SuiteRunner.java:354)
	at org.testng.SuiteRunner.privateRun(SuiteRunner.java:312)
	at org.testng.SuiteRunner.run(SuiteRunner.java:261)
	at org.testng.SuiteRunnerWorker.runSuite(SuiteRunnerWorker.java:52)
	at org.testng.SuiteRunnerWorker.run(SuiteRunnerWorker.java:86)
	at org.testng.TestNG.runSuitesSequentially(TestNG.java:1215)
	at org.testng.TestNG.runSuitesLocally(TestNG.java:1140)
	at org.testng.TestNG.run(TestNG.java:1048)
	at org.testng.remote.RemoteTestNG.run(RemoteTestNG.java:112)
	at org.testng.remote.RemoteTestNG.initAndRun(RemoteTestNG.java:205)
	at org.testng.remote.RemoteTestNG.main(RemoteTestNG.java:176)
]]>
            </full-stacktrace>
          </exception> <!-- java.lang.NullPointerException -->
          <reporter-output>
          </reporter-output>
        </test-method> <!-- checkingAreaCircleTestExclusion -->
        <test-method status="PASS" signature="checkingLengthCircleTest(double, int)[pri:0, instance:geometricObjects.Circle.test.CircleTest@529b2735]" name="checkingLengthCircleTest" duration-ms="1" started-at="2015-10-31T03:29:15Z" data-provider="DataForTest" finished-at="2015-10-31T03:29:15Z">
          <params>
            <param index="0">
              <value>
                <![CDATA[4]]>
              </value>
            </param>
            <param index="1">
              <value>
                <![CDATA[3]]>
              </value>
            </param>
          </params>
          <reporter-output>
          </reporter-output>
        </test-method> <!-- checkingLengthCircleTest -->
        <test-method status="PASS" signature="checkingLengthCircleTest(double, int)[pri:0, instance:geometricObjects.Circle.test.CircleTest@529b2735]" name="checkingLengthCircleTest" duration-ms="1" started-at="2015-10-31T03:29:15Z" data-provider="DataForTest" finished-at="2015-10-31T03:29:15Z">
          <params>
            <param index="0">
              <value>
                <![CDATA[0]]>
              </value>
            </param>
            <param index="1">
              <value>
                <![CDATA[3]]>
              </value>
            </param>
          </params>
          <reporter-output>
          </reporter-output>
        </test-method> <!-- checkingLengthCircleTest -->
        <test-method status="FAIL" signature="checkingLengthCircleTest(double, int)[pri:0, instance:geometricObjects.Circle.test.CircleTest@529b2735]" name="checkingLengthCircleTest" duration-ms="0" started-at="2015-10-31T03:29:15Z" data-provider="DataForTest" finished-at="2015-10-31T03:29:15Z">
          <params>
            <param index="0">
              <value>
                <![CDATA[-1]]>
              </value>
            </param>
            <param index="1">
              <value>
                <![CDATA[3]]>
              </value>
            </param>
          </params>
          <exception class="java.lang.AssertionError">
            <message>
              <![CDATA[For radius = -1.0 And the number of decimal places 3
The test fails, the length or the number of decimal places does not match expected [-6.283] but found [6.283]]]>
            </message>
            <full-stacktrace>
              <![CDATA[java.lang.AssertionError: For radius = -1.0 And the number of decimal places 3
The test fails, the length or the number of decimal places does not match expected [-6.283] but found [6.283]
	at org.testng.Assert.fail(Assert.java:94)
	at org.testng.Assert.failNotEquals(Assert.java:496)
	at org.testng.Assert.assertEquals(Assert.java:125)
	at geometricObjects.Circle.test.CircleTest.checkingLengthCircleTest(CircleTest.java:60)
	at sun.reflect.NativeMethodAccessorImpl.invoke0(Native Method)
	at sun.reflect.NativeMethodAccessorImpl.invoke(NativeMethodAccessorImpl.java:57)
	at sun.reflect.DelegatingMethodAccessorImpl.invoke(DelegatingMethodAccessorImpl.java:43)
	at java.lang.reflect.Method.invoke(Method.java:606)
	at org.testng.internal.MethodInvocationHelper.invokeMethod(MethodInvocationHelper.java:85)
	at org.testng.internal.Invoker.invokeMethod(Invoker.java:639)
	at org.testng.internal.Invoker.invokeTestMethod(Invoker.java:816)
	at org.testng.internal.Invoker.invokeTestMethods(Invoker.java:1124)
	at org.testng.internal.TestMethodWorker.invokeTestMethods(TestMethodWorker.java:125)
	at org.testng.internal.TestMethodWorker.run(TestMethodWorker.java:108)
	at org.testng.TestRunner.privateRun(TestRunner.java:774)
	at org.testng.TestRunner.run(TestRunner.java:624)
	at org.testng.SuiteRunner.runTest(SuiteRunner.java:359)
	at org.testng.SuiteRunner.runSequentially(SuiteRunner.java:354)
	at org.testng.SuiteRunner.privateRun(SuiteRunner.java:312)
	at org.testng.SuiteRunner.run(SuiteRunner.java:261)
	at org.testng.SuiteRunnerWorker.runSuite(SuiteRunnerWorker.java:52)
	at org.testng.SuiteRunnerWorker.run(SuiteRunnerWorker.java:86)
	at org.testng.TestNG.runSuitesSequentially(TestNG.java:1215)
	at org.testng.TestNG.runSuitesLocally(TestNG.java:1140)
	at org.testng.TestNG.run(TestNG.java:1048)
	at org.testng.remote.RemoteTestNG.run(RemoteTestNG.java:112)
	at org.testng.remote.RemoteTestNG.initAndRun(RemoteTestNG.java:205)
	at org.testng.remote.RemoteTestNG.main(RemoteTestNG.java:176)
]]>
            </full-stacktrace>
          </exception> <!-- java.lang.AssertionError -->
          <reporter-output>
          </reporter-output>
        </test-method> <!-- checkingLengthCircleTest -->
        <test-method status="FAIL" signature="checkingLengthCircleTest(double, int)[pri:0, instance:geometricObjects.Circle.test.CircleTest@529b2735]" name="checkingLengthCircleTest" duration-ms="1" started-at="2015-10-31T03:29:15Z" data-provider="DataForTest" finished-at="2015-10-31T03:29:15Z">
          <params>
            <param index="0">
              <value>
                <![CDATA[5]]>
              </value>
            </param>
            <param index="1">
              <value>
                <![CDATA[4]]>
              </value>
            </param>
          </params>
          <exception class="java.lang.AssertionError">
            <message>
              <![CDATA[For radius = 5.0 And the number of decimal places 4
The test fails, the length or the number of decimal places does not match expected [31.4159] but found [31.416]]]>
            </message>
            <full-stacktrace>
              <![CDATA[java.lang.AssertionError: For radius = 5.0 And the number of decimal places 4
The test fails, the length or the number of decimal places does not match expected [31.4159] but found [31.416]
	at org.testng.Assert.fail(Assert.java:94)
	at org.testng.Assert.failNotEquals(Assert.java:496)
	at org.testng.Assert.assertEquals(Assert.java:125)
	at geometricObjects.Circle.test.CircleTest.checkingLengthCircleTest(CircleTest.java:60)
	at sun.reflect.NativeMethodAccessorImpl.invoke0(Native Method)
	at sun.reflect.NativeMethodAccessorImpl.invoke(NativeMethodAccessorImpl.java:57)
	at sun.reflect.DelegatingMethodAccessorImpl.invoke(DelegatingMethodAccessorImpl.java:43)
	at java.lang.reflect.Method.invoke(Method.java:606)
	at org.testng.internal.MethodInvocationHelper.invokeMethod(MethodInvocationHelper.java:85)
	at org.testng.internal.Invoker.invokeMethod(Invoker.java:639)
	at org.testng.internal.Invoker.invokeTestMethod(Invoker.java:816)
	at org.testng.internal.Invoker.invokeTestMethods(Invoker.java:1124)
	at org.testng.internal.TestMethodWorker.invokeTestMethods(TestMethodWorker.java:125)
	at org.testng.internal.TestMethodWorker.run(TestMethodWorker.java:108)
	at org.testng.TestRunner.privateRun(TestRunner.java:774)
	at org.testng.TestRunner.run(TestRunner.java:624)
	at org.testng.SuiteRunner.runTest(SuiteRunner.java:359)
	at org.testng.SuiteRunner.runSequentially(SuiteRunner.java:354)
	at org.testng.SuiteRunner.privateRun(SuiteRunner.java:312)
	at org.testng.SuiteRunner.run(SuiteRunner.java:261)
	at org.testng.SuiteRunnerWorker.runSuite(SuiteRunnerWorker.java:52)
	at org.testng.SuiteRunnerWorker.run(SuiteRunnerWorker.java:86)
	at org.testng.TestNG.runSuitesSequentially(TestNG.java:1215)
	at org.testng.TestNG.runSuitesLocally(TestNG.java:1140)
	at org.testng.TestNG.run(TestNG.java:1048)
	at org.testng.remote.RemoteTestNG.run(RemoteTestNG.java:112)
	at org.testng.remote.RemoteTestNG.initAndRun(RemoteTestNG.java:205)
	at org.testng.remote.RemoteTestNG.main(RemoteTestNG.java:176)
]]>
            </full-stacktrace>
          </exception> <!-- java.lang.AssertionError -->
          <reporter-output>
          </reporter-output>
        </test-method> <!-- checkingLengthCircleTest -->
        <test-method status="FAIL" signature="checkingLengthCircleTest(double, int)[pri:0, instance:geometricObjects.Circle.test.CircleTest@529b2735]" name="checkingLengthCircleTest" duration-ms="1" started-at="2015-10-31T03:29:15Z" data-provider="DataForTest" finished-at="2015-10-31T03:29:15Z">
          <params>
            <param index="0">
              <value>
                <![CDATA[3]]>
              </value>
            </param>
            <param index="1">
              <value>
                <![CDATA[1]]>
              </value>
            </param>
          </params>
          <exception class="java.lang.AssertionError">
            <message>
              <![CDATA[For radius = 3.0 And the number of decimal places 1
The test fails, the length or the number of decimal places does not match expected [18.8] but found [18.85]]]>
            </message>
            <full-stacktrace>
              <![CDATA[java.lang.AssertionError: For radius = 3.0 And the number of decimal places 1
The test fails, the length or the number of decimal places does not match expected [18.8] but found [18.85]
	at org.testng.Assert.fail(Assert.java:94)
	at org.testng.Assert.failNotEquals(Assert.java:496)
	at org.testng.Assert.assertEquals(Assert.java:125)
	at geometricObjects.Circle.test.CircleTest.checkingLengthCircleTest(CircleTest.java:60)
	at sun.reflect.NativeMethodAccessorImpl.invoke0(Native Method)
	at sun.reflect.NativeMethodAccessorImpl.invoke(NativeMethodAccessorImpl.java:57)
	at sun.reflect.DelegatingMethodAccessorImpl.invoke(DelegatingMethodAccessorImpl.java:43)
	at java.lang.reflect.Method.invoke(Method.java:606)
	at org.testng.internal.MethodInvocationHelper.invokeMethod(MethodInvocationHelper.java:85)
	at org.testng.internal.Invoker.invokeMethod(Invoker.java:639)
	at org.testng.internal.Invoker.invokeTestMethod(Invoker.java:816)
	at org.testng.internal.Invoker.invokeTestMethods(Invoker.java:1124)
	at org.testng.internal.TestMethodWorker.invokeTestMethods(TestMethodWorker.java:125)
	at org.testng.internal.TestMethodWorker.run(TestMethodWorker.java:108)
	at org.testng.TestRunner.privateRun(TestRunner.java:774)
	at org.testng.TestRunner.run(TestRunner.java:624)
	at org.testng.SuiteRunner.runTest(SuiteRunner.java:359)
	at org.testng.SuiteRunner.runSequentially(SuiteRunner.java:354)
	at org.testng.SuiteRunner.privateRun(SuiteRunner.java:312)
	at org.testng.SuiteRunner.run(SuiteRunner.java:261)
	at org.testng.SuiteRunnerWorker.runSuite(SuiteRunnerWorker.java:52)
	at org.testng.SuiteRunnerWorker.run(SuiteRunnerWorker.java:86)
	at org.testng.TestNG.runSuitesSequentially(TestNG.java:1215)
	at org.testng.TestNG.runSuitesLocally(TestNG.java:1140)
	at org.testng.TestNG.run(TestNG.java:1048)
	at org.testng.remote.RemoteTestNG.run(RemoteTestNG.java:112)
	at org.testng.remote.RemoteTestNG.initAndRun(RemoteTestNG.java:205)
	at org.testng.remote.RemoteTestNG.main(RemoteTestNG.java:176)
]]>
            </full-stacktrace>
          </exception> <!-- java.lang.AssertionError -->
          <reporter-output>
          </reporter-output>
        </test-method> <!-- checkingLengthCircleTest -->
        <test-method status="FAIL" signature="checkingLengthCircleTest(double, int)[pri:0, instance:geometricObjects.Circle.test.CircleTest@529b2735]" name="checkingLengthCircleTest" duration-ms="0" started-at="2015-10-31T03:29:15Z" data-provider="DataForTest" finished-at="2015-10-31T03:29:15Z">
          <params>
            <param index="0">
              <value>
                <![CDATA[5]]>
              </value>
            </param>
            <param index="1">
              <value>
                <![CDATA[0]]>
              </value>
            </param>
          </params>
          <exception class="java.lang.AssertionError">
            <message>
              <![CDATA[For radius = 5.0 And the number of decimal places 0
The test fails, the length or the number of decimal places does not match expected [31.0] but found [31.416]]]>
            </message>
            <full-stacktrace>
              <![CDATA[java.lang.AssertionError: For radius = 5.0 And the number of decimal places 0
The test fails, the length or the number of decimal places does not match expected [31.0] but found [31.416]
	at org.testng.Assert.fail(Assert.java:94)
	at org.testng.Assert.failNotEquals(Assert.java:496)
	at org.testng.Assert.assertEquals(Assert.java:125)
	at geometricObjects.Circle.test.CircleTest.checkingLengthCircleTest(CircleTest.java:60)
	at sun.reflect.NativeMethodAccessorImpl.invoke0(Native Method)
	at sun.reflect.NativeMethodAccessorImpl.invoke(NativeMethodAccessorImpl.java:57)
	at sun.reflect.DelegatingMethodAccessorImpl.invoke(DelegatingMethodAccessorImpl.java:43)
	at java.lang.reflect.Method.invoke(Method.java:606)
	at org.testng.internal.MethodInvocationHelper.invokeMethod(MethodInvocationHelper.java:85)
	at org.testng.internal.Invoker.invokeMethod(Invoker.java:639)
	at org.testng.internal.Invoker.invokeTestMethod(Invoker.java:816)
	at org.testng.internal.Invoker.invokeTestMethods(Invoker.java:1124)
	at org.testng.internal.TestMethodWorker.invokeTestMethods(TestMethodWorker.java:125)
	at org.testng.internal.TestMethodWorker.run(TestMethodWorker.java:108)
	at org.testng.TestRunner.privateRun(TestRunner.java:774)
	at org.testng.TestRunner.run(TestRunner.java:624)
	at org.testng.SuiteRunner.runTest(SuiteRunner.java:359)
	at org.testng.SuiteRunner.runSequentially(SuiteRunner.java:354)
	at org.testng.SuiteRunner.privateRun(SuiteRunner.java:312)
	at org.testng.SuiteRunner.run(SuiteRunner.java:261)
	at org.testng.SuiteRunnerWorker.runSuite(SuiteRunnerWorker.java:52)
	at org.testng.SuiteRunnerWorker.run(SuiteRunnerWorker.java:86)
	at org.testng.TestNG.runSuitesSequentially(TestNG.java:1215)
	at org.testng.TestNG.runSuitesLocally(TestNG.java:1140)
	at org.testng.TestNG.run(TestNG.java:1048)
	at org.testng.remote.RemoteTestNG.run(RemoteTestNG.java:112)
	at org.testng.remote.RemoteTestNG.initAndRun(RemoteTestNG.java:205)
	at org.testng.remote.RemoteTestNG.main(RemoteTestNG.java:176)
]]>
            </full-stacktrace>
          </exception> <!-- java.lang.AssertionError -->
          <reporter-output>
          </reporter-output>
        </test-method> <!-- checkingLengthCircleTest -->
        <test-method status="FAIL" signature="checkingLengthCircleTest(double, int)[pri:0, instance:geometricObjects.Circle.test.CircleTest@529b2735]" name="checkingLengthCircleTest" duration-ms="4" started-at="2015-10-31T03:29:15Z" data-provider="DataForTest" finished-at="2015-10-31T03:29:15Z">
          <params>
            <param index="0">
              <value>
                <![CDATA[5]]>
              </value>
            </param>
            <param index="1">
              <value>
                <![CDATA[-1]]>
              </value>
            </param>
          </params>
          <exception class="java.lang.AssertionError">
            <message>
              <![CDATA[For radius = 5.0 And the number of decimal places -1
The test fails, the length or the number of decimal places does not match expected [30.0] but found [31.416]]]>
            </message>
            <full-stacktrace>
              <![CDATA[java.lang.AssertionError: For radius = 5.0 And the number of decimal places -1
The test fails, the length or the number of decimal places does not match expected [30.0] but found [31.416]
	at org.testng.Assert.fail(Assert.java:94)
	at org.testng.Assert.failNotEquals(Assert.java:496)
	at org.testng.Assert.assertEquals(Assert.java:125)
	at geometricObjects.Circle.test.CircleTest.checkingLengthCircleTest(CircleTest.java:60)
	at sun.reflect.NativeMethodAccessorImpl.invoke0(Native Method)
	at sun.reflect.NativeMethodAccessorImpl.invoke(NativeMethodAccessorImpl.java:57)
	at sun.reflect.DelegatingMethodAccessorImpl.invoke(DelegatingMethodAccessorImpl.java:43)
	at java.lang.reflect.Method.invoke(Method.java:606)
	at org.testng.internal.MethodInvocationHelper.invokeMethod(MethodInvocationHelper.java:85)
	at org.testng.internal.Invoker.invokeMethod(Invoker.java:639)
	at org.testng.internal.Invoker.invokeTestMethod(Invoker.java:816)
	at org.testng.internal.Invoker.invokeTestMethods(Invoker.java:1124)
	at org.testng.internal.TestMethodWorker.invokeTestMethods(TestMethodWorker.java:125)
	at org.testng.internal.TestMethodWorker.run(TestMethodWorker.java:108)
	at org.testng.TestRunner.privateRun(TestRunner.java:774)
	at org.testng.TestRunner.run(TestRunner.java:624)
	at org.testng.SuiteRunner.runTest(SuiteRunner.java:359)
	at org.testng.SuiteRunner.runSequentially(SuiteRunner.java:354)
	at org.testng.SuiteRunner.privateRun(SuiteRunner.java:312)
	at org.testng.SuiteRunner.run(SuiteRunner.java:261)
	at org.testng.SuiteRunnerWorker.runSuite(SuiteRunnerWorker.java:52)
	at org.testng.SuiteRunnerWorker.run(SuiteRunnerWorker.java:86)
	at org.testng.TestNG.runSuitesSequentially(TestNG.java:1215)
	at org.testng.TestNG.runSuitesLocally(TestNG.java:1140)
	at org.testng.TestNG.run(TestNG.java:1048)
	at org.testng.remote.RemoteTestNG.run(RemoteTestNG.java:112)
	at org.testng.remote.RemoteTestNG.initAndRun(RemoteTestNG.java:205)
	at org.testng.remote.RemoteTestNG.main(RemoteTestNG.java:176)
]]>
            </full-stacktrace>
          </exception> <!-- java.lang.AssertionError -->
          <reporter-output>
          </reporter-output>
        </test-method> <!-- checkingLengthCircleTest -->
      </class> <!-- geometricObjects.Circle.test.CircleTest -->
      <class name="geometricObjects.Rectangle.test.FactoryTest">
        <test-method status="PASS" signature="initGeometOb()[pri:0, instance:geometricObjects.Rectangle.test.FactoryTest@2f33cbcc]" name="initGeometOb" is-config="true" duration-ms="1" started-at="2015-10-31T03:29:15Z" finished-at="2015-10-31T03:29:15Z">
          <reporter-output>
          </reporter-output>
        </test-method> <!-- initGeometOb -->
        <test-method status="FAIL" signature="checkingAreaRectangleTest()[pri:0, instance:geometricObjects.Rectangle.test.FactoryTest@2f33cbcc]" name="checkingAreaRectangleTest" duration-ms="3" started-at="2015-10-31T03:29:15Z" finished-at="2015-10-31T03:29:15Z">
          <exception class="java.lang.AssertionError">
            <message>
              <![CDATA[For sideOne = -1.0 and sideTwo3.0
The test fails, the area does not match expected [-3.0] but found [3.0]]]>
            </message>
            <full-stacktrace>
              <![CDATA[java.lang.AssertionError: For sideOne = -1.0 and sideTwo3.0
The test fails, the area does not match expected [-3.0] but found [3.0]
	at org.testng.Assert.fail(Assert.java:94)
	at org.testng.Assert.failNotEquals(Assert.java:496)
	at org.testng.Assert.assertEquals(Assert.java:125)
	at geometricObjects.Rectangle.test.RectangleTest.checkingAreaRectangleTest(RectangleTest.java:38)
	at sun.reflect.NativeMethodAccessorImpl.invoke0(Native Method)
	at sun.reflect.NativeMethodAccessorImpl.invoke(NativeMethodAccessorImpl.java:57)
	at sun.reflect.DelegatingMethodAccessorImpl.invoke(DelegatingMethodAccessorImpl.java:43)
	at java.lang.reflect.Method.invoke(Method.java:606)
	at org.testng.internal.MethodInvocationHelper.invokeMethod(MethodInvocationHelper.java:85)
	at org.testng.internal.Invoker.invokeMethod(Invoker.java:639)
	at org.testng.internal.Invoker.invokeTestMethod(Invoker.java:816)
	at org.testng.internal.Invoker.invokeTestMethods(Invoker.java:1124)
	at org.testng.internal.TestMethodWorker.invokeTestMethods(TestMethodWorker.java:125)
	at org.testng.internal.TestMethodWorker.run(TestMethodWorker.java:108)
	at org.testng.TestRunner.privateRun(TestRunner.java:774)
	at org.testng.TestRunner.run(TestRunner.java:624)
	at org.testng.SuiteRunner.runTest(SuiteRunner.java:359)
	at org.testng.SuiteRunner.runSequentially(SuiteRunner.java:354)
	at org.testng.SuiteRunner.privateRun(SuiteRunner.java:312)
	at org.testng.SuiteRunner.run(SuiteRunner.java:261)
	at org.testng.SuiteRunnerWorker.runSuite(SuiteRunnerWorker.java:52)
	at org.testng.SuiteRunnerWorker.run(SuiteRunnerWorker.java:86)
	at org.testng.TestNG.runSuitesSequentially(TestNG.java:1215)
	at org.testng.TestNG.runSuitesLocally(TestNG.java:1140)
	at org.testng.TestNG.run(TestNG.java:1048)
	at org.testng.remote.RemoteTestNG.run(RemoteTestNG.java:112)
	at org.testng.remote.RemoteTestNG.initAndRun(RemoteTestNG.java:205)
	at org.testng.remote.RemoteTestNG.main(RemoteTestNG.java:176)
]]>
            </full-stacktrace>
          </exception> <!-- java.lang.AssertionError -->
          <reporter-output>
          </reporter-output>
        </test-method> <!-- checkingAreaRectangleTest -->
        <test-method status="PASS" signature="initGeometOb()[pri:0, instance:geometricObjects.Rectangle.test.FactoryTest@2f33cbcc]" name="initGeometOb" is-config="true" duration-ms="1" started-at="2015-10-31T03:29:15Z" finished-at="2015-10-31T03:29:15Z">
          <reporter-output>
          </reporter-output>
        </test-method> <!-- initGeometOb -->
        <test-method status="PASS" signature="checkingAreaRectangleTest()[pri:0, instance:geometricObjects.Rectangle.test.FactoryTest@3a67cc93]" name="checkingAreaRectangleTest" duration-ms="1" started-at="2015-10-31T03:29:15Z" finished-at="2015-10-31T03:29:15Z">
          <reporter-output>
          </reporter-output>
        </test-method> <!-- checkingAreaRectangleTest -->
        <test-method status="PASS" signature="initGeometOb()[pri:0, instance:geometricObjects.Rectangle.test.FactoryTest@2f33cbcc]" name="initGeometOb" is-config="true" duration-ms="0" started-at="2015-10-31T03:29:15Z" finished-at="2015-10-31T03:29:15Z">
          <reporter-output>
          </reporter-output>
        </test-method> <!-- initGeometOb -->
        <test-method status="PASS" signature="checkingAreaRectangleTest()[pri:0, instance:geometricObjects.Rectangle.test.FactoryTest@3aa19e64]" name="checkingAreaRectangleTest" duration-ms="0" started-at="2015-10-31T03:29:15Z" finished-at="2015-10-31T03:29:15Z">
          <reporter-output>
          </reporter-output>
        </test-method> <!-- checkingAreaRectangleTest -->
        <test-method status="PASS" signature="initGeometOb()[pri:0, instance:geometricObjects.Rectangle.test.FactoryTest@2f33cbcc]" name="initGeometOb" is-config="true" duration-ms="0" started-at="2015-10-31T03:29:15Z" finished-at="2015-10-31T03:29:15Z">
          <reporter-output>
          </reporter-output>
        </test-method> <!-- initGeometOb -->
        <test-method status="PASS" signature="checkingAreaRectangleTest()[pri:0, instance:geometricObjects.Rectangle.test.FactoryTest@48a5d54e]" name="checkingAreaRectangleTest" duration-ms="1" started-at="2015-10-31T03:29:15Z" finished-at="2015-10-31T03:29:15Z">
          <reporter-output>
          </reporter-output>
        </test-method> <!-- checkingAreaRectangleTest -->
        <test-method status="PASS" signature="initGeometOb()[pri:0, instance:geometricObjects.Rectangle.test.FactoryTest@2f33cbcc]" name="initGeometOb" is-config="true" duration-ms="0" started-at="2015-10-31T03:29:15Z" finished-at="2015-10-31T03:29:15Z">
          <reporter-output>
          </reporter-output>
        </test-method> <!-- initGeometOb -->
        <test-method status="PASS" signature="checkingAreaRectangleTest()[pri:0, instance:geometricObjects.Rectangle.test.FactoryTest@7493b88b]" name="checkingAreaRectangleTest" duration-ms="1" started-at="2015-10-31T03:29:15Z" finished-at="2015-10-31T03:29:15Z">
          <reporter-output>
          </reporter-output>
        </test-method> <!-- checkingAreaRectangleTest -->
        <test-method status="PASS" signature="initGeometOb()[pri:0, instance:geometricObjects.Rectangle.test.FactoryTest@2f33cbcc]" name="initGeometOb" is-config="true" duration-ms="1" started-at="2015-10-31T03:29:15Z" finished-at="2015-10-31T03:29:15Z">
          <reporter-output>
          </reporter-output>
        </test-method> <!-- initGeometOb -->
        <test-method status="PASS" signature="checkingAreaRectangleTest()[pri:0, instance:geometricObjects.Rectangle.test.FactoryTest@74a7e4d9]" name="checkingAreaRectangleTest" duration-ms="1" started-at="2015-10-31T03:29:15Z" finished-at="2015-10-31T03:29:15Z">
          <reporter-output>
          </reporter-output>
        </test-method> <!-- checkingAreaRectangleTest -->
        <test-method status="PASS" signature="initGeometOb()[pri:0, instance:geometricObjects.Rectangle.test.FactoryTest@2f33cbcc]" name="initGeometOb" is-config="true" duration-ms="0" started-at="2015-10-31T03:29:15Z" finished-at="2015-10-31T03:29:15Z">
          <reporter-output>
          </reporter-output>
        </test-method> <!-- initGeometOb -->
        <test-method status="FAIL" signature="checkingAreaRectangleTest()[pri:0, instance:geometricObjects.Rectangle.test.FactoryTest@7f571924]" name="checkingAreaRectangleTest" duration-ms="0" started-at="2015-10-31T03:29:15Z" finished-at="2015-10-31T03:29:15Z">
          <exception class="java.lang.AssertionError">
            <message>
              <![CDATA[For sideOne = 1.0 and sideTwo-1.0
The test fails, the area does not match expected [-1.0] but found [1.0]]]>
            </message>
            <full-stacktrace>
              <![CDATA[java.lang.AssertionError: For sideOne = 1.0 and sideTwo-1.0
The test fails, the area does not match expected [-1.0] but found [1.0]
	at org.testng.Assert.fail(Assert.java:94)
	at org.testng.Assert.failNotEquals(Assert.java:496)
	at org.testng.Assert.assertEquals(Assert.java:125)
	at geometricObjects.Rectangle.test.RectangleTest.checkingAreaRectangleTest(RectangleTest.java:38)
	at sun.reflect.NativeMethodAccessorImpl.invoke0(Native Method)
	at sun.reflect.NativeMethodAccessorImpl.invoke(NativeMethodAccessorImpl.java:57)
	at sun.reflect.DelegatingMethodAccessorImpl.invoke(DelegatingMethodAccessorImpl.java:43)
	at java.lang.reflect.Method.invoke(Method.java:606)
	at org.testng.internal.MethodInvocationHelper.invokeMethod(MethodInvocationHelper.java:85)
	at org.testng.internal.Invoker.invokeMethod(Invoker.java:639)
	at org.testng.internal.Invoker.invokeTestMethod(Invoker.java:816)
	at org.testng.internal.Invoker.invokeTestMethods(Invoker.java:1124)
	at org.testng.internal.TestMethodWorker.invokeTestMethods(TestMethodWorker.java:125)
	at org.testng.internal.TestMethodWorker.run(TestMethodWorker.java:108)
	at org.testng.TestRunner.privateRun(TestRunner.java:774)
	at org.testng.TestRunner.run(TestRunner.java:624)
	at org.testng.SuiteRunner.runTest(SuiteRunner.java:359)
	at org.testng.SuiteRunner.runSequentially(SuiteRunner.java:354)
	at org.testng.SuiteRunner.privateRun(SuiteRunner.java:312)
	at org.testng.SuiteRunner.run(SuiteRunner.java:261)
	at org.testng.SuiteRunnerWorker.runSuite(SuiteRunnerWorker.java:52)
	at org.testng.SuiteRunnerWorker.run(SuiteRunnerWorker.java:86)
	at org.testng.TestNG.runSuitesSequentially(TestNG.java:1215)
	at org.testng.TestNG.runSuitesLocally(TestNG.java:1140)
	at org.testng.TestNG.run(TestNG.java:1048)
	at org.testng.remote.RemoteTestNG.run(RemoteTestNG.java:112)
	at org.testng.remote.RemoteTestNG.initAndRun(RemoteTestNG.java:205)
	at org.testng.remote.RemoteTestNG.main(RemoteTestNG.java:176)
]]>
            </full-stacktrace>
          </exception> <!-- java.lang.AssertionError -->
          <reporter-output>
          </reporter-output>
        </test-method> <!-- checkingAreaRectangleTest -->
        <test-method status="PASS" signature="initGeometOb()[pri:0, instance:geometricObjects.Rectangle.test.FactoryTest@2f33cbcc]" name="initGeometOb" is-config="true" duration-ms="0" started-at="2015-10-31T03:29:15Z" finished-at="2015-10-31T03:29:15Z">
          <reporter-output>
          </reporter-output>
        </test-method> <!-- initGeometOb -->
        <test-method status="PASS" signature="checkingAreaRectangleTest()[pri:0, instance:geometricObjects.Rectangle.test.FactoryTest@e38e978]" name="checkingAreaRectangleTest" duration-ms="1" started-at="2015-10-31T03:29:15Z" finished-at="2015-10-31T03:29:15Z">
          <reporter-output>
          </reporter-output>
        </test-method> <!-- checkingAreaRectangleTest -->
        <test-method status="FAIL" signature="checkingLengthRectangleTest()[pri:0, instance:geometricObjects.Rectangle.test.FactoryTest@2f33cbcc]" name="checkingLengthRectangleTest" duration-ms="0" started-at="2015-10-31T03:29:15Z" finished-at="2015-10-31T03:29:15Z">
          <exception class="java.lang.AssertionError">
            <message>
              <![CDATA[Rectang with a sideOne -1.0 and sideTwo3.0
The test fails, the perimeter  places does not match expected [4.0] but found [8.0]]]>
            </message>
            <full-stacktrace>
              <![CDATA[java.lang.AssertionError: Rectang with a sideOne -1.0 and sideTwo3.0
The test fails, the perimeter  places does not match expected [4.0] but found [8.0]
	at org.testng.Assert.fail(Assert.java:94)
	at org.testng.Assert.failNotEquals(Assert.java:496)
	at org.testng.Assert.assertEquals(Assert.java:125)
	at geometricObjects.Rectangle.test.RectangleTest.checkingLengthRectangleTest(RectangleTest.java:54)
	at sun.reflect.NativeMethodAccessorImpl.invoke0(Native Method)
	at sun.reflect.NativeMethodAccessorImpl.invoke(NativeMethodAccessorImpl.java:57)
	at sun.reflect.DelegatingMethodAccessorImpl.invoke(DelegatingMethodAccessorImpl.java:43)
	at java.lang.reflect.Method.invoke(Method.java:606)
	at org.testng.internal.MethodInvocationHelper.invokeMethod(MethodInvocationHelper.java:85)
	at org.testng.internal.Invoker.invokeMethod(Invoker.java:639)
	at org.testng.internal.Invoker.invokeTestMethod(Invoker.java:816)
	at org.testng.internal.Invoker.invokeTestMethods(Invoker.java:1124)
	at org.testng.internal.TestMethodWorker.invokeTestMethods(TestMethodWorker.java:125)
	at org.testng.internal.TestMethodWorker.run(TestMethodWorker.java:108)
	at org.testng.TestRunner.privateRun(TestRunner.java:774)
	at org.testng.TestRunner.run(TestRunner.java:624)
	at org.testng.SuiteRunner.runTest(SuiteRunner.java:359)
	at org.testng.SuiteRunner.runSequentially(SuiteRunner.java:354)
	at org.testng.SuiteRunner.privateRun(SuiteRunner.java:312)
	at org.testng.SuiteRunner.run(SuiteRunner.java:261)
	at org.testng.SuiteRunnerWorker.runSuite(SuiteRunnerWorker.java:52)
	at org.testng.SuiteRunnerWorker.run(SuiteRunnerWorker.java:86)
	at org.testng.TestNG.runSuitesSequentially(TestNG.java:1215)
	at org.testng.TestNG.runSuitesLocally(TestNG.java:1140)
	at org.testng.TestNG.run(TestNG.java:1048)
	at org.testng.remote.RemoteTestNG.run(RemoteTestNG.java:112)
	at org.testng.remote.RemoteTestNG.initAndRun(RemoteTestNG.java:205)
	at org.testng.remote.RemoteTestNG.main(RemoteTestNG.java:176)
]]>
            </full-stacktrace>
          </exception> <!-- java.lang.AssertionError -->
          <reporter-output>
          </reporter-output>
        </test-method> <!-- checkingLengthRectangleTest -->
        <test-method status="PASS" signature="checkingLengthRectangleTest()[pri:0, instance:geometricObjects.Rectangle.test.FactoryTest@3a67cc93]" name="checkingLengthRectangleTest" duration-ms="1" started-at="2015-10-31T03:29:15Z" finished-at="2015-10-31T03:29:15Z">
          <reporter-output>
          </reporter-output>
        </test-method> <!-- checkingLengthRectangleTest -->
        <test-method status="PASS" signature="checkingLengthRectangleTest()[pri:0, instance:geometricObjects.Rectangle.test.FactoryTest@3aa19e64]" name="checkingLengthRectangleTest" duration-ms="0" started-at="2015-10-31T03:29:15Z" finished-at="2015-10-31T03:29:15Z">
          <reporter-output>
          </reporter-output>
        </test-method> <!-- checkingLengthRectangleTest -->
        <test-method status="PASS" signature="checkingLengthRectangleTest()[pri:0, instance:geometricObjects.Rectangle.test.FactoryTest@48a5d54e]" name="checkingLengthRectangleTest" duration-ms="1" started-at="2015-10-31T03:29:15Z" finished-at="2015-10-31T03:29:15Z">
          <reporter-output>
          </reporter-output>
        </test-method> <!-- checkingLengthRectangleTest -->
        <test-method status="PASS" signature="checkingLengthRectangleTest()[pri:0, instance:geometricObjects.Rectangle.test.FactoryTest@7493b88b]" name="checkingLengthRectangleTest" duration-ms="0" started-at="2015-10-31T03:29:15Z" finished-at="2015-10-31T03:29:15Z">
          <reporter-output>
          </reporter-output>
        </test-method> <!-- checkingLengthRectangleTest -->
        <test-method status="PASS" signature="checkingLengthRectangleTest()[pri:0, instance:geometricObjects.Rectangle.test.FactoryTest@74a7e4d9]" name="checkingLengthRectangleTest" duration-ms="1" started-at="2015-10-31T03:29:15Z" finished-at="2015-10-31T03:29:15Z">
          <reporter-output>
          </reporter-output>
        </test-method> <!-- checkingLengthRectangleTest -->
        <test-method status="FAIL" signature="checkingLengthRectangleTest()[pri:0, instance:geometricObjects.Rectangle.test.FactoryTest@7f571924]" name="checkingLengthRectangleTest" duration-ms="0" started-at="2015-10-31T03:29:15Z" finished-at="2015-10-31T03:29:15Z">
          <exception class="java.lang.AssertionError">
            <message>
              <![CDATA[Rectang with a sideOne 1.0 and sideTwo-1.0
The test fails, the perimeter  places does not match expected [0.0] but found [4.0]]]>
            </message>
            <full-stacktrace>
              <![CDATA[java.lang.AssertionError: Rectang with a sideOne 1.0 and sideTwo-1.0
The test fails, the perimeter  places does not match expected [0.0] but found [4.0]
	at org.testng.Assert.fail(Assert.java:94)
	at org.testng.Assert.failNotEquals(Assert.java:496)
	at org.testng.Assert.assertEquals(Assert.java:125)
	at geometricObjects.Rectangle.test.RectangleTest.checkingLengthRectangleTest(RectangleTest.java:54)
	at sun.reflect.NativeMethodAccessorImpl.invoke0(Native Method)
	at sun.reflect.NativeMethodAccessorImpl.invoke(NativeMethodAccessorImpl.java:57)
	at sun.reflect.DelegatingMethodAccessorImpl.invoke(DelegatingMethodAccessorImpl.java:43)
	at java.lang.reflect.Method.invoke(Method.java:606)
	at org.testng.internal.MethodInvocationHelper.invokeMethod(MethodInvocationHelper.java:85)
	at org.testng.internal.Invoker.invokeMethod(Invoker.java:639)
	at org.testng.internal.Invoker.invokeTestMethod(Invoker.java:816)
	at org.testng.internal.Invoker.invokeTestMethods(Invoker.java:1124)
	at org.testng.internal.TestMethodWorker.invokeTestMethods(TestMethodWorker.java:125)
	at org.testng.internal.TestMethodWorker.run(TestMethodWorker.java:108)
	at org.testng.TestRunner.privateRun(TestRunner.java:774)
	at org.testng.TestRunner.run(TestRunner.java:624)
	at org.testng.SuiteRunner.runTest(SuiteRunner.java:359)
	at org.testng.SuiteRunner.runSequentially(SuiteRunner.java:354)
	at org.testng.SuiteRunner.privateRun(SuiteRunner.java:312)
	at org.testng.SuiteRunner.run(SuiteRunner.java:261)
	at org.testng.SuiteRunnerWorker.runSuite(SuiteRunnerWorker.java:52)
	at org.testng.SuiteRunnerWorker.run(SuiteRunnerWorker.java:86)
	at org.testng.TestNG.runSuitesSequentially(TestNG.java:1215)
	at org.testng.TestNG.runSuitesLocally(TestNG.java:1140)
	at org.testng.TestNG.run(TestNG.java:1048)
	at org.testng.remote.RemoteTestNG.run(RemoteTestNG.java:112)
	at org.testng.remote.RemoteTestNG.initAndRun(RemoteTestNG.java:205)
	at org.testng.remote.RemoteTestNG.main(RemoteTestNG.java:176)
]]>
            </full-stacktrace>
          </exception> <!-- java.lang.AssertionError -->
          <reporter-output>
          </reporter-output>
        </test-method> <!-- checkingLengthRectangleTest -->
        <test-method status="PASS" signature="checkingLengthRectangleTest()[pri:0, instance:geometricObjects.Rectangle.test.FactoryTest@e38e978]" name="checkingLengthRectangleTest" duration-ms="0" started-at="2015-10-31T03:29:15Z" finished-at="2015-10-31T03:29:15Z">
          <reporter-output>
          </reporter-output>
        </test-method> <!-- checkingLengthRectangleTest -->
        <test-method status="FAIL" signature="checkingQuadrateRectangleTest()[pri:0, instance:geometricObjects.Rectangle.test.FactoryTest@2f33cbcc]" name="checkingQuadrateRectangleTest" duration-ms="1" started-at="2015-10-31T03:29:15Z" finished-at="2015-10-31T03:29:15Z">
          <exception class="java.lang.AssertionError">
            <message>
              <![CDATA[Rectang with a sideOne -1.0 and sideTwo3.0
The test fails, the rectangle is not a square expected [true] but found [false]]]>
            </message>
            <full-stacktrace>
              <![CDATA[java.lang.AssertionError: Rectang with a sideOne -1.0 and sideTwo3.0
The test fails, the rectangle is not a square expected [true] but found [false]
	at org.testng.Assert.fail(Assert.java:94)
	at org.testng.Assert.failNotEquals(Assert.java:496)
	at org.testng.Assert.assertTrue(Assert.java:42)
	at geometricObjects.Rectangle.test.RectangleTest.checkingQuadrateRectangleTest(RectangleTest.java:70)
	at sun.reflect.NativeMethodAccessorImpl.invoke0(Native Method)
	at sun.reflect.NativeMethodAccessorImpl.invoke(NativeMethodAccessorImpl.java:57)
	at sun.reflect.DelegatingMethodAccessorImpl.invoke(DelegatingMethodAccessorImpl.java:43)
	at java.lang.reflect.Method.invoke(Method.java:606)
	at org.testng.internal.MethodInvocationHelper.invokeMethod(MethodInvocationHelper.java:85)
	at org.testng.internal.Invoker.invokeMethod(Invoker.java:639)
	at org.testng.internal.Invoker.invokeTestMethod(Invoker.java:816)
	at org.testng.internal.Invoker.invokeTestMethods(Invoker.java:1124)
	at org.testng.internal.TestMethodWorker.invokeTestMethods(TestMethodWorker.java:125)
	at org.testng.internal.TestMethodWorker.run(TestMethodWorker.java:108)
	at org.testng.TestRunner.privateRun(TestRunner.java:774)
	at org.testng.TestRunner.run(TestRunner.java:624)
	at org.testng.SuiteRunner.runTest(SuiteRunner.java:359)
	at org.testng.SuiteRunner.runSequentially(SuiteRunner.java:354)
	at org.testng.SuiteRunner.privateRun(SuiteRunner.java:312)
	at org.testng.SuiteRunner.run(SuiteRunner.java:261)
	at org.testng.SuiteRunnerWorker.runSuite(SuiteRunnerWorker.java:52)
	at org.testng.SuiteRunnerWorker.run(SuiteRunnerWorker.java:86)
	at org.testng.TestNG.runSuitesSequentially(TestNG.java:1215)
	at org.testng.TestNG.runSuitesLocally(TestNG.java:1140)
	at org.testng.TestNG.run(TestNG.java:1048)
	at org.testng.remote.RemoteTestNG.run(RemoteTestNG.java:112)
	at org.testng.remote.RemoteTestNG.initAndRun(RemoteTestNG.java:205)
	at org.testng.remote.RemoteTestNG.main(RemoteTestNG.java:176)
]]>
            </full-stacktrace>
          </exception> <!-- java.lang.AssertionError -->
          <reporter-output>
          </reporter-output>
        </test-method> <!-- checkingQuadrateRectangleTest -->
        <test-method status="FAIL" signature="checkingQuadrateRectangleTest()[pri:0, instance:geometricObjects.Rectangle.test.FactoryTest@3a67cc93]" name="checkingQuadrateRectangleTest" duration-ms="0" started-at="2015-10-31T03:29:15Z" finished-at="2015-10-31T03:29:15Z">
          <exception class="java.lang.AssertionError">
            <message>
              <![CDATA[Rectang with a sideOne 3.0 and sideTwo5.0
The test fails, the rectangle is not a square expected [true] but found [false]]]>
            </message>
            <full-stacktrace>
              <![CDATA[java.lang.AssertionError: Rectang with a sideOne 3.0 and sideTwo5.0
The test fails, the rectangle is not a square expected [true] but found [false]
	at org.testng.Assert.fail(Assert.java:94)
	at org.testng.Assert.failNotEquals(Assert.java:496)
	at org.testng.Assert.assertTrue(Assert.java:42)
	at geometricObjects.Rectangle.test.RectangleTest.checkingQuadrateRectangleTest(RectangleTest.java:70)
	at sun.reflect.NativeMethodAccessorImpl.invoke0(Native Method)
	at sun.reflect.NativeMethodAccessorImpl.invoke(NativeMethodAccessorImpl.java:57)
	at sun.reflect.DelegatingMethodAccessorImpl.invoke(DelegatingMethodAccessorImpl.java:43)
	at java.lang.reflect.Method.invoke(Method.java:606)
	at org.testng.internal.MethodInvocationHelper.invokeMethod(MethodInvocationHelper.java:85)
	at org.testng.internal.Invoker.invokeMethod(Invoker.java:639)
	at org.testng.internal.Invoker.invokeTestMethod(Invoker.java:816)
	at org.testng.internal.Invoker.invokeTestMethods(Invoker.java:1124)
	at org.testng.internal.TestMethodWorker.invokeTestMethods(TestMethodWorker.java:125)
	at org.testng.internal.TestMethodWorker.run(TestMethodWorker.java:108)
	at org.testng.TestRunner.privateRun(TestRunner.java:774)
	at org.testng.TestRunner.run(TestRunner.java:624)
	at org.testng.SuiteRunner.runTest(SuiteRunner.java:359)
	at org.testng.SuiteRunner.runSequentially(SuiteRunner.java:354)
	at org.testng.SuiteRunner.privateRun(SuiteRunner.java:312)
	at org.testng.SuiteRunner.run(SuiteRunner.java:261)
	at org.testng.SuiteRunnerWorker.runSuite(SuiteRunnerWorker.java:52)
	at org.testng.SuiteRunnerWorker.run(SuiteRunnerWorker.java:86)
	at org.testng.TestNG.runSuitesSequentially(TestNG.java:1215)
	at org.testng.TestNG.runSuitesLocally(TestNG.java:1140)
	at org.testng.TestNG.run(TestNG.java:1048)
	at org.testng.remote.RemoteTestNG.run(RemoteTestNG.java:112)
	at org.testng.remote.RemoteTestNG.initAndRun(RemoteTestNG.java:205)
	at org.testng.remote.RemoteTestNG.main(RemoteTestNG.java:176)
]]>
            </full-stacktrace>
          </exception> <!-- java.lang.AssertionError -->
          <reporter-output>
          </reporter-output>
        </test-method> <!-- checkingQuadrateRectangleTest -->
        <test-method status="FAIL" signature="checkingQuadrateRectangleTest()[pri:0, instance:geometricObjects.Rectangle.test.FactoryTest@3aa19e64]" name="checkingQuadrateRectangleTest" duration-ms="0" started-at="2015-10-31T03:29:15Z" finished-at="2015-10-31T03:29:15Z">
          <exception class="java.lang.AssertionError">
            <message>
              <![CDATA[Rectang with a sideOne 5.0 and sideTwo5.0
The test fails, the rectangle is not a square expected [true] but found [false]]]>
            </message>
            <full-stacktrace>
              <![CDATA[java.lang.AssertionError: Rectang with a sideOne 5.0 and sideTwo5.0
The test fails, the rectangle is not a square expected [true] but found [false]
	at org.testng.Assert.fail(Assert.java:94)
	at org.testng.Assert.failNotEquals(Assert.java:496)
	at org.testng.Assert.assertTrue(Assert.java:42)
	at geometricObjects.Rectangle.test.RectangleTest.checkingQuadrateRectangleTest(RectangleTest.java:70)
	at sun.reflect.NativeMethodAccessorImpl.invoke0(Native Method)
	at sun.reflect.NativeMethodAccessorImpl.invoke(NativeMethodAccessorImpl.java:57)
	at sun.reflect.DelegatingMethodAccessorImpl.invoke(DelegatingMethodAccessorImpl.java:43)
	at java.lang.reflect.Method.invoke(Method.java:606)
	at org.testng.internal.MethodInvocationHelper.invokeMethod(MethodInvocationHelper.java:85)
	at org.testng.internal.Invoker.invokeMethod(Invoker.java:639)
	at org.testng.internal.Invoker.invokeTestMethod(Invoker.java:816)
	at org.testng.internal.Invoker.invokeTestMethods(Invoker.java:1124)
	at org.testng.internal.TestMethodWorker.invokeTestMethods(TestMethodWorker.java:125)
	at org.testng.internal.TestMethodWorker.run(TestMethodWorker.java:108)
	at org.testng.TestRunner.privateRun(TestRunner.java:774)
	at org.testng.TestRunner.run(TestRunner.java:624)
	at org.testng.SuiteRunner.runTest(SuiteRunner.java:359)
	at org.testng.SuiteRunner.runSequentially(SuiteRunner.java:354)
	at org.testng.SuiteRunner.privateRun(SuiteRunner.java:312)
	at org.testng.SuiteRunner.run(SuiteRunner.java:261)
	at org.testng.SuiteRunnerWorker.runSuite(SuiteRunnerWorker.java:52)
	at org.testng.SuiteRunnerWorker.run(SuiteRunnerWorker.java:86)
	at org.testng.TestNG.runSuitesSequentially(TestNG.java:1215)
	at org.testng.TestNG.runSuitesLocally(TestNG.java:1140)
	at org.testng.TestNG.run(TestNG.java:1048)
	at org.testng.remote.RemoteTestNG.run(RemoteTestNG.java:112)
	at org.testng.remote.RemoteTestNG.initAndRun(RemoteTestNG.java:205)
	at org.testng.remote.RemoteTestNG.main(RemoteTestNG.java:176)
]]>
            </full-stacktrace>
          </exception> <!-- java.lang.AssertionError -->
          <reporter-output>
          </reporter-output>
        </test-method> <!-- checkingQuadrateRectangleTest -->
        <test-method status="FAIL" signature="checkingQuadrateRectangleTest()[pri:0, instance:geometricObjects.Rectangle.test.FactoryTest@48a5d54e]" name="checkingQuadrateRectangleTest" duration-ms="1" started-at="2015-10-31T03:29:15Z" finished-at="2015-10-31T03:29:15Z">
          <exception class="java.lang.AssertionError">
            <message>
              <![CDATA[Rectang with a sideOne 5.0 and sideTwo5.0
The test fails, the rectangle is not a square expected [true] but found [false]]]>
            </message>
            <full-stacktrace>
              <![CDATA[java.lang.AssertionError: Rectang with a sideOne 5.0 and sideTwo5.0
The test fails, the rectangle is not a square expected [true] but found [false]
	at org.testng.Assert.fail(Assert.java:94)
	at org.testng.Assert.failNotEquals(Assert.java:496)
	at org.testng.Assert.assertTrue(Assert.java:42)
	at geometricObjects.Rectangle.test.RectangleTest.checkingQuadrateRectangleTest(RectangleTest.java:70)
	at sun.reflect.NativeMethodAccessorImpl.invoke0(Native Method)
	at sun.reflect.NativeMethodAccessorImpl.invoke(NativeMethodAccessorImpl.java:57)
	at sun.reflect.DelegatingMethodAccessorImpl.invoke(DelegatingMethodAccessorImpl.java:43)
	at java.lang.reflect.Method.invoke(Method.java:606)
	at org.testng.internal.MethodInvocationHelper.invokeMethod(MethodInvocationHelper.java:85)
	at org.testng.internal.Invoker.invokeMethod(Invoker.java:639)
	at org.testng.internal.Invoker.invokeTestMethod(Invoker.java:816)
	at org.testng.internal.Invoker.invokeTestMethods(Invoker.java:1124)
	at org.testng.internal.TestMethodWorker.invokeTestMethods(TestMethodWorker.java:125)
	at org.testng.internal.TestMethodWorker.run(TestMethodWorker.java:108)
	at org.testng.TestRunner.privateRun(TestRunner.java:774)
	at org.testng.TestRunner.run(TestRunner.java:624)
	at org.testng.SuiteRunner.runTest(SuiteRunner.java:359)
	at org.testng.SuiteRunner.runSequentially(SuiteRunner.java:354)
	at org.testng.SuiteRunner.privateRun(SuiteRunner.java:312)
	at org.testng.SuiteRunner.run(SuiteRunner.java:261)
	at org.testng.SuiteRunnerWorker.runSuite(SuiteRunnerWorker.java:52)
	at org.testng.SuiteRunnerWorker.run(SuiteRunnerWorker.java:86)
	at org.testng.TestNG.runSuitesSequentially(TestNG.java:1215)
	at org.testng.TestNG.runSuitesLocally(TestNG.java:1140)
	at org.testng.TestNG.run(TestNG.java:1048)
	at org.testng.remote.RemoteTestNG.run(RemoteTestNG.java:112)
	at org.testng.remote.RemoteTestNG.initAndRun(RemoteTestNG.java:205)
	at org.testng.remote.RemoteTestNG.main(RemoteTestNG.java:176)
]]>
            </full-stacktrace>
          </exception> <!-- java.lang.AssertionError -->
          <reporter-output>
          </reporter-output>
        </test-method> <!-- checkingQuadrateRectangleTest -->
        <test-method status="FAIL" signature="checkingQuadrateRectangleTest()[pri:0, instance:geometricObjects.Rectangle.test.FactoryTest@7493b88b]" name="checkingQuadrateRectangleTest" duration-ms="0" started-at="2015-10-31T03:29:15Z" finished-at="2015-10-31T03:29:15Z">
          <exception class="java.lang.AssertionError">
            <message>
              <![CDATA[Rectang with a sideOne 3.0 and sideTwo4.0
The test fails, the rectangle is not a square expected [true] but found [false]]]>
            </message>
            <full-stacktrace>
              <![CDATA[java.lang.AssertionError: Rectang with a sideOne 3.0 and sideTwo4.0
The test fails, the rectangle is not a square expected [true] but found [false]
	at org.testng.Assert.fail(Assert.java:94)
	at org.testng.Assert.failNotEquals(Assert.java:496)
	at org.testng.Assert.assertTrue(Assert.java:42)
	at geometricObjects.Rectangle.test.RectangleTest.checkingQuadrateRectangleTest(RectangleTest.java:70)
	at sun.reflect.NativeMethodAccessorImpl.invoke0(Native Method)
	at sun.reflect.NativeMethodAccessorImpl.invoke(NativeMethodAccessorImpl.java:57)
	at sun.reflect.DelegatingMethodAccessorImpl.invoke(DelegatingMethodAccessorImpl.java:43)
	at java.lang.reflect.Method.invoke(Method.java:606)
	at org.testng.internal.MethodInvocationHelper.invokeMethod(MethodInvocationHelper.java:85)
	at org.testng.internal.Invoker.invokeMethod(Invoker.java:639)
	at org.testng.internal.Invoker.invokeTestMethod(Invoker.java:816)
	at org.testng.internal.Invoker.invokeTestMethods(Invoker.java:1124)
	at org.testng.internal.TestMethodWorker.invokeTestMethods(TestMethodWorker.java:125)
	at org.testng.internal.TestMethodWorker.run(TestMethodWorker.java:108)
	at org.testng.TestRunner.privateRun(TestRunner.java:774)
	at org.testng.TestRunner.run(TestRunner.java:624)
	at org.testng.SuiteRunner.runTest(SuiteRunner.java:359)
	at org.testng.SuiteRunner.runSequentially(SuiteRunner.java:354)
	at org.testng.SuiteRunner.privateRun(SuiteRunner.java:312)
	at org.testng.SuiteRunner.run(SuiteRunner.java:261)
	at org.testng.SuiteRunnerWorker.runSuite(SuiteRunnerWorker.java:52)
	at org.testng.SuiteRunnerWorker.run(SuiteRunnerWorker.java:86)
	at org.testng.TestNG.runSuitesSequentially(TestNG.java:1215)
	at org.testng.TestNG.runSuitesLocally(TestNG.java:1140)
	at org.testng.TestNG.run(TestNG.java:1048)
	at org.testng.remote.RemoteTestNG.run(RemoteTestNG.java:112)
	at org.testng.remote.RemoteTestNG.initAndRun(RemoteTestNG.java:205)
	at org.testng.remote.RemoteTestNG.main(RemoteTestNG.java:176)
]]>
            </full-stacktrace>
          </exception> <!-- java.lang.AssertionError -->
          <reporter-output>
          </reporter-output>
        </test-method> <!-- checkingQuadrateRectangleTest -->
        <test-method status="FAIL" signature="checkingQuadrateRectangleTest()[pri:0, instance:geometricObjects.Rectangle.test.FactoryTest@74a7e4d9]" name="checkingQuadrateRectangleTest" duration-ms="1" started-at="2015-10-31T03:29:15Z" finished-at="2015-10-31T03:29:15Z">
          <exception class="java.lang.AssertionError">
            <message>
              <![CDATA[Rectang with a sideOne 5.0 and sideTwo5.0
The test fails, the rectangle is not a square expected [true] but found [false]]]>
            </message>
            <full-stacktrace>
              <![CDATA[java.lang.AssertionError: Rectang with a sideOne 5.0 and sideTwo5.0
The test fails, the rectangle is not a square expected [true] but found [false]
	at org.testng.Assert.fail(Assert.java:94)
	at org.testng.Assert.failNotEquals(Assert.java:496)
	at org.testng.Assert.assertTrue(Assert.java:42)
	at geometricObjects.Rectangle.test.RectangleTest.checkingQuadrateRectangleTest(RectangleTest.java:70)
	at sun.reflect.NativeMethodAccessorImpl.invoke0(Native Method)
	at sun.reflect.NativeMethodAccessorImpl.invoke(NativeMethodAccessorImpl.java:57)
	at sun.reflect.DelegatingMethodAccessorImpl.invoke(DelegatingMethodAccessorImpl.java:43)
	at java.lang.reflect.Method.invoke(Method.java:606)
	at org.testng.internal.MethodInvocationHelper.invokeMethod(MethodInvocationHelper.java:85)
	at org.testng.internal.Invoker.invokeMethod(Invoker.java:639)
	at org.testng.internal.Invoker.invokeTestMethod(Invoker.java:816)
	at org.testng.internal.Invoker.invokeTestMethods(Invoker.java:1124)
	at org.testng.internal.TestMethodWorker.invokeTestMethods(TestMethodWorker.java:125)
	at org.testng.internal.TestMethodWorker.run(TestMethodWorker.java:108)
	at org.testng.TestRunner.privateRun(TestRunner.java:774)
	at org.testng.TestRunner.run(TestRunner.java:624)
	at org.testng.SuiteRunner.runTest(SuiteRunner.java:359)
	at org.testng.SuiteRunner.runSequentially(SuiteRunner.java:354)
	at org.testng.SuiteRunner.privateRun(SuiteRunner.java:312)
	at org.testng.SuiteRunner.run(SuiteRunner.java:261)
	at org.testng.SuiteRunnerWorker.runSuite(SuiteRunnerWorker.java:52)
	at org.testng.SuiteRunnerWorker.run(SuiteRunnerWorker.java:86)
	at org.testng.TestNG.runSuitesSequentially(TestNG.java:1215)
	at org.testng.TestNG.runSuitesLocally(TestNG.java:1140)
	at org.testng.TestNG.run(TestNG.java:1048)
	at org.testng.remote.RemoteTestNG.run(RemoteTestNG.java:112)
	at org.testng.remote.RemoteTestNG.initAndRun(RemoteTestNG.java:205)
	at org.testng.remote.RemoteTestNG.main(RemoteTestNG.java:176)
]]>
            </full-stacktrace>
          </exception> <!-- java.lang.AssertionError -->
          <reporter-output>
          </reporter-output>
        </test-method> <!-- checkingQuadrateRectangleTest -->
        <test-method status="FAIL" signature="checkingQuadrateRectangleTest()[pri:0, instance:geometricObjects.Rectangle.test.FactoryTest@7f571924]" name="checkingQuadrateRectangleTest" duration-ms="1" started-at="2015-10-31T03:29:15Z" finished-at="2015-10-31T03:29:15Z">
          <exception class="java.lang.AssertionError">
            <message>
              <![CDATA[Rectang with a sideOne 1.0 and sideTwo-1.0
The test fails, the rectangle is not a square expected [true] but found [false]]]>
            </message>
            <full-stacktrace>
              <![CDATA[java.lang.AssertionError: Rectang with a sideOne 1.0 and sideTwo-1.0
The test fails, the rectangle is not a square expected [true] but found [false]
	at org.testng.Assert.fail(Assert.java:94)
	at org.testng.Assert.failNotEquals(Assert.java:496)
	at org.testng.Assert.assertTrue(Assert.java:42)
	at geometricObjects.Rectangle.test.RectangleTest.checkingQuadrateRectangleTest(RectangleTest.java:70)
	at sun.reflect.NativeMethodAccessorImpl.invoke0(Native Method)
	at sun.reflect.NativeMethodAccessorImpl.invoke(NativeMethodAccessorImpl.java:57)
	at sun.reflect.DelegatingMethodAccessorImpl.invoke(DelegatingMethodAccessorImpl.java:43)
	at java.lang.reflect.Method.invoke(Method.java:606)
	at org.testng.internal.MethodInvocationHelper.invokeMethod(MethodInvocationHelper.java:85)
	at org.testng.internal.Invoker.invokeMethod(Invoker.java:639)
	at org.testng.internal.Invoker.invokeTestMethod(Invoker.java:816)
	at org.testng.internal.Invoker.invokeTestMethods(Invoker.java:1124)
	at org.testng.internal.TestMethodWorker.invokeTestMethods(TestMethodWorker.java:125)
	at org.testng.internal.TestMethodWorker.run(TestMethodWorker.java:108)
	at org.testng.TestRunner.privateRun(TestRunner.java:774)
	at org.testng.TestRunner.run(TestRunner.java:624)
	at org.testng.SuiteRunner.runTest(SuiteRunner.java:359)
	at org.testng.SuiteRunner.runSequentially(SuiteRunner.java:354)
	at org.testng.SuiteRunner.privateRun(SuiteRunner.java:312)
	at org.testng.SuiteRunner.run(SuiteRunner.java:261)
	at org.testng.SuiteRunnerWorker.runSuite(SuiteRunnerWorker.java:52)
	at org.testng.SuiteRunnerWorker.run(SuiteRunnerWorker.java:86)
	at org.testng.TestNG.runSuitesSequentially(TestNG.java:1215)
	at org.testng.TestNG.runSuitesLocally(TestNG.java:1140)
	at org.testng.TestNG.run(TestNG.java:1048)
	at org.testng.remote.RemoteTestNG.run(RemoteTestNG.java:112)
	at org.testng.remote.RemoteTestNG.initAndRun(RemoteTestNG.java:205)
	at org.testng.remote.RemoteTestNG.main(RemoteTestNG.java:176)
]]>
            </full-stacktrace>
          </exception> <!-- java.lang.AssertionError -->
          <reporter-output>
          </reporter-output>
        </test-method> <!-- checkingQuadrateRectangleTest -->
        <test-method status="FAIL" signature="checkingQuadrateRectangleTest()[pri:0, instance:geometricObjects.Rectangle.test.FactoryTest@e38e978]" name="checkingQuadrateRectangleTest" duration-ms="1" started-at="2015-10-31T03:29:15Z" finished-at="2015-10-31T03:29:15Z">
          <exception class="java.lang.AssertionError">
            <message>
              <![CDATA[Rectang with a sideOne 0.0 and sideTwo0.0
The test fails, the rectangle is not a square expected [true] but found [false]]]>
            </message>
            <full-stacktrace>
              <![CDATA[java.lang.AssertionError: Rectang with a sideOne 0.0 and sideTwo0.0
The test fails, the rectangle is not a square expected [true] but found [false]
	at org.testng.Assert.fail(Assert.java:94)
	at org.testng.Assert.failNotEquals(Assert.java:496)
	at org.testng.Assert.assertTrue(Assert.java:42)
	at geometricObjects.Rectangle.test.RectangleTest.checkingQuadrateRectangleTest(RectangleTest.java:70)
	at sun.reflect.NativeMethodAccessorImpl.invoke0(Native Method)
	at sun.reflect.NativeMethodAccessorImpl.invoke(NativeMethodAccessorImpl.java:57)
	at sun.reflect.DelegatingMethodAccessorImpl.invoke(DelegatingMethodAccessorImpl.java:43)
	at java.lang.reflect.Method.invoke(Method.java:606)
	at org.testng.internal.MethodInvocationHelper.invokeMethod(MethodInvocationHelper.java:85)
	at org.testng.internal.Invoker.invokeMethod(Invoker.java:639)
	at org.testng.internal.Invoker.invokeTestMethod(Invoker.java:816)
	at org.testng.internal.Invoker.invokeTestMethods(Invoker.java:1124)
	at org.testng.internal.TestMethodWorker.invokeTestMethods(TestMethodWorker.java:125)
	at org.testng.internal.TestMethodWorker.run(TestMethodWorker.java:108)
	at org.testng.TestRunner.privateRun(TestRunner.java:774)
	at org.testng.TestRunner.run(TestRunner.java:624)
	at org.testng.SuiteRunner.runTest(SuiteRunner.java:359)
	at org.testng.SuiteRunner.runSequentially(SuiteRunner.java:354)
	at org.testng.SuiteRunner.privateRun(SuiteRunner.java:312)
	at org.testng.SuiteRunner.run(SuiteRunner.java:261)
	at org.testng.SuiteRunnerWorker.runSuite(SuiteRunnerWorker.java:52)
	at org.testng.SuiteRunnerWorker.run(SuiteRunnerWorker.java:86)
	at org.testng.TestNG.runSuitesSequentially(TestNG.java:1215)
	at org.testng.TestNG.runSuitesLocally(TestNG.java:1140)
	at org.testng.TestNG.run(TestNG.java:1048)
	at org.testng.remote.RemoteTestNG.run(RemoteTestNG.java:112)
	at org.testng.remote.RemoteTestNG.initAndRun(RemoteTestNG.java:205)
	at org.testng.remote.RemoteTestNG.main(RemoteTestNG.java:176)
]]>
            </full-stacktrace>
          </exception> <!-- java.lang.AssertionError -->
          <reporter-output>
          </reporter-output>
        </test-method> <!-- checkingQuadrateRectangleTest -->
      </class> <!-- geometricObjects.Rectangle.test.FactoryTest -->
      <class name="geometricObjects.Quadrate.test.QuadrateTest">
        <test-method status="PASS" signature="initGeometOb()[pri:0, instance:geometricObjects.Quadrate.test.QuadrateTest@19119a16]" name="initGeometOb" is-config="true" duration-ms="0" started-at="2015-10-31T03:29:15Z" finished-at="2015-10-31T03:29:15Z">
          <reporter-output>
          </reporter-output>
        </test-method> <!-- initGeometOb -->
        <test-method status="PASS" signature="checkingAreaCircleTest(double)[pri:0, instance:geometricObjects.Quadrate.test.QuadrateTest@19119a16]" name="checkingAreaCircleTest" duration-ms="1" started-at="2015-10-31T03:29:15Z" data-provider="DataForTest" finished-at="2015-10-31T03:29:15Z">
          <params>
            <param index="0">
              <value>
                <![CDATA[4]]>
              </value>
            </param>
          </params>
          <reporter-output>
          </reporter-output>
        </test-method> <!-- checkingAreaCircleTest -->
        <test-method status="PASS" signature="checkingAreaCircleTest(double)[pri:0, instance:geometricObjects.Quadrate.test.QuadrateTest@19119a16]" name="checkingAreaCircleTest" duration-ms="1" started-at="2015-10-31T03:29:15Z" data-provider="DataForTest" finished-at="2015-10-31T03:29:15Z">
          <params>
            <param index="0">
              <value>
                <![CDATA[0]]>
              </value>
            </param>
          </params>
          <reporter-output>
          </reporter-output>
        </test-method> <!-- checkingAreaCircleTest -->
        <test-method status="PASS" signature="checkingAreaCircleTest(double)[pri:0, instance:geometricObjects.Quadrate.test.QuadrateTest@19119a16]" name="checkingAreaCircleTest" duration-ms="1" started-at="2015-10-31T03:29:15Z" data-provider="DataForTest" finished-at="2015-10-31T03:29:15Z">
          <params>
            <param index="0">
              <value>
[...]
            <full-stacktrace>
              <![CDATA[java.lang.AssertionError: For side = 0.0
The test fails, the length or the number of decimal places does not match expected [0.0] but found [-1.0]
	at org.testng.Assert.fail(Assert.java:94)
	at org.testng.Assert.failNotEquals(Assert.java:496)
	at org.testng.Assert.assertEquals(Assert.java:125)
	at geometricObjects.Quadrate.test.QuadrateTest.checkingLengthCircleTest(QuadrateTest.java:54)
	at sun.reflect.NativeMethodAccessorImpl.invoke0(Native Method)
	at sun.reflect.NativeMethodAccessorImpl.invoke(NativeMethodAccessorImpl.java:57)
	at sun.reflect.DelegatingMethodAccessorImpl.invoke(DelegatingMethodAccessorImpl.java:43)
	at java.lang.reflect.Method.invoke(Method.java:606)
	at org.testng.internal.MethodInvocationHelper.invokeMethod(MethodInvocationHelper.java:85)
	at org.testng.internal.Invoker.invokeMethod(Invoker.java:639)
	at org.testng.internal.Invoker.invokeTestMethod(Invoker.java:816)
	at org.testng.internal.Invoker.invokeTestMethods(Invoker.java:1124)
	at org.testng.internal.TestMethodWorker.invokeTestMethods(TestMethodWorker.java:125)
	at org.testng.internal.TestMethodWorker.run(TestMethodWorker.java:108)
	at org.testng.TestRunner.privateRun(TestRunner.java:774)
	at org.testng.TestRunner.run(TestRunner.java:624)
	at org.testng.SuiteRunner.runTest(SuiteRunner.java:359)
	at org.testng.SuiteRunner.runSequentially(SuiteRunner.java:354)
	at org.testng.SuiteRunner.privateRun(SuiteRunner.java:312)
	at org.testng.SuiteRunner.run(SuiteRunner.java:261)
	at org.testng.SuiteRunnerWorker.runSuite(SuiteRunnerWorker.java:52)
	at org.testng.SuiteRunnerWorker.run(SuiteRunnerWorker.java:86)
	at org.testng.TestNG.runSuitesSequentially(TestNG.java:1215)
	at org.testng.TestNG.runSuitesLocally(TestNG.java:1140)
	at org.testng.TestNG.run(TestNG.java:1048)
	at org.testng.remote.RemoteTestNG.run(RemoteTestNG.java:112)
	at org.testng.remote.RemoteTestNG.initAndRun(RemoteTestNG.java:205)
	at org.testng.remote.RemoteTestNG.main(RemoteTestNG.java:176)
]]>
            </full-stacktrace>
          </exception> <!-- java.lang.AssertionError -->
          <reporter-output>
          </reporter-output>
        </test-method> <!-- checkingLengthCircleTest -->
        <test-method status="FAIL" signature="checkingLengthCircleTest(double)[pri:0, instance:geometricObjects.Quadrate.test.QuadrateTest@19119a16]" name="checkingLengthCircleTest" duration-ms="1" started-at="2015-10-31T03:29:15Z" data-provider="DataForTest" finished-at="2015-10-31T03:29:15Z">
          <params>
            <param index="0">
              <value>
                <![CDATA[-1]]>
              </value>
            </param>
          </params>
          <exception class="java.lang.AssertionError">
            <message>
              <![CDATA[For side = -1.0
The test fails, the length or the number of decimal places does not match expected [-4.0] but found [4.0]]]>
            </message>
            <full-stacktrace>
              <![CDATA[java.lang.AssertionError: For side = -1.0
The test fails, the length or the number of decimal places does not match expected [-4.0] but found [4.0]
	at org.testng.Assert.fail(Assert.java:94)
	at org.testng.Assert.failNotEquals(Assert.java:496)
	at org.testng.Assert.assertEquals(Assert.java:125)
	at geometricObjects.Quadrate.test.QuadrateTest.checkingLengthCircleTest(QuadrateTest.java:54)
	at sun.reflect.NativeMethodAccessorImpl.invoke0(Native Method)
	at sun.reflect.NativeMethodAccessorImpl.invoke(NativeMethodAccessorImpl.java:57)
	at sun.reflect.DelegatingMethodAccessorImpl.invoke(DelegatingMethodAccessorImpl.java:43)
	at java.lang.reflect.Method.invoke(Method.java:606)
	at org.testng.internal.MethodInvocationHelper.invokeMethod(MethodInvocationHelper.java:85)
	at org.testng.internal.Invoker.invokeMethod(Invoker.java:639)
	at org.testng.internal.Invoker.invokeTestMethod(Invoker.java:816)
	at org.testng.internal.Invoker.invokeTestMethods(Invoker.java:1124)
	at org.testng.internal.TestMethodWorker.invokeTestMethods(TestMethodWorker.java:125)
	at org.testng.internal.TestMethodWorker.run(TestMethodWorker.java:108)
	at org.testng.TestRunner.privateRun(TestRunner.java:774)
	at org.testng.TestRunner.run(TestRunner.java:624)
	at org.testng.SuiteRunner.runTest(SuiteRunner.java:359)
	at org.testng.SuiteRunner.runSequentially(SuiteRunner.java:354)
	at org.testng.SuiteRunner.privateRun(SuiteRunner.java:312)
	at org.testng.SuiteRunner.run(SuiteRunner.java:261)
	at org.testng.SuiteRunnerWorker.runSuite(SuiteRunnerWorker.java:52)
	at org.testng.SuiteRunnerWorker.run(SuiteRunnerWorker.java:86)
	at org.testng.TestNG.runSuitesSequentially(TestNG.java:1215)
	at org.testng.TestNG.runSuitesLocally(TestNG.java:1140)
	at org.testng.TestNG.run(TestNG.java:1048)
	at org.testng.remote.RemoteTestNG.run(RemoteTestNG.java:112)
	at org.testng.remote.RemoteTestNG.initAndRun(RemoteTestNG.java:205)
	at org.testng.remote.RemoteTestNG.main(RemoteTestNG.java:176)
]]>
            </full-stacktrace>
          </exception> <!-- java.lang.AssertionError -->
          <reporter-output>
          </reporter-output>
        </test-method> <!-- checkingLengthCircleTest -->
      </class> <!-- geometricObjects.Quadrate.test.QuadrateTest -->
      <class name="geometricObjects.Rectangle.test.RectangleExclusionTest">
        <test-method status="PASS" signature="initGeometOb()[pri:0, instance:geometricObjects.Rectangle.test.RectangleExclusionTest@1fd9e040]" name="initGeometOb" is-config="true" duration-ms="6" started-at="2015-10-31T03:29:15Z" finished-at="2015-10-31T03:29:15Z">
          <reporter-output>
          </reporter-output>
        </test-method> <!-- initGeometOb -->
        <test-method status="PASS" signature="checkingAreaCircleTestExclusion(java.lang.Double, java.lang.Double)[pri:0, instance:geometricObjects.Rectangle.test.RectangleExclusionTest@1fd9e040]" name="checkingAreaCircleTestExclusion" duration-ms="5" started-at="2015-10-31T03:29:15Z" data-provider="DataForTest2" finished-at="2015-10-31T03:29:15Z">
          <params>
            <param index="0">
              <value is-null="true"/>
            </param>
            <param index="1">
              <value>
                <![CDATA[3]]>
              </value>
            </param>
          </params>
          <exception class="java.lang.IllegalArgumentException">
            <message>
              <![CDATA[argument type mismatch]]>
            </message>
            <full-stacktrace>
              <![CDATA[java.lang.IllegalArgumentException: argument type mismatch
	at sun.reflect.NativeMethodAccessorImpl.invoke0(Native Method)
	at sun.reflect.NativeMethodAccessorImpl.invoke(NativeMethodAccessorImpl.java:57)
	at sun.reflect.DelegatingMethodAccessorImpl.invoke(DelegatingMethodAccessorImpl.java:43)
	at java.lang.reflect.Method.invoke(Method.java:606)
	at org.testng.internal.MethodInvocationHelper.invokeMethod(MethodInvocationHelper.java:85)
	at org.testng.internal.Invoker.invokeMethod(Invoker.java:639)
	at org.testng.internal.Invoker.invokeTestMethod(Invoker.java:816)
	at org.testng.internal.Invoker.invokeTestMethods(Invoker.java:1124)
	at org.testng.internal.TestMethodWorker.invokeTestMethods(TestMethodWorker.java:125)
	at org.testng.internal.TestMethodWorker.run(TestMethodWorker.java:108)
	at org.testng.TestRunner.privateRun(TestRunner.java:774)
	at org.testng.TestRunner.run(TestRunner.java:624)
	at org.testng.SuiteRunner.runTest(SuiteRunner.java:359)
	at org.testng.SuiteRunner.runSequentially(SuiteRunner.java:354)
	at org.testng.SuiteRunner.privateRun(SuiteRunner.java:312)
	at org.testng.SuiteRunner.run(SuiteRunner.java:261)
	at org.testng.SuiteRunnerWorker.runSuite(SuiteRunnerWorker.java:52)
	at org.testng.SuiteRunnerWorker.run(SuiteRunnerWorker.java:86)
	at org.testng.TestNG.runSuitesSequentially(TestNG.java:1215)
	at org.testng.TestNG.runSuitesLocally(TestNG.java:1140)
	at org.testng.TestNG.run(TestNG.java:1048)
	at org.testng.remote.RemoteTestNG.run(RemoteTestNG.java:112)
	at org.testng.remote.RemoteTestNG.initAndRun(RemoteTestNG.java:205)
	at org.testng.remote.RemoteTestNG.main(RemoteTestNG.java:176)
]]>
            </full-stacktrace>
          </exception> <!-- java.lang.IllegalArgumentException -->
          <reporter-output>
          </reporter-output>
        </test-method> <!-- checkingAreaCircleTestExclusion -->
        <test-method status="PASS" signature="checkingAreaCircleTestExclusion(java.lang.Double, java.lang.Double)[pri:0, instance:geometricObjects.Rectangle.test.RectangleExclusionTest@1fd9e040]" name="checkingAreaCircleTestExclusion" duration-ms="0" started-at="2015-10-31T03:29:15Z" data-provider="DataForTest2" finished-at="2015-10-31T03:29:15Z">
          <params>
            <param index="0">
              <value>
                <![CDATA[3]]>
              </value>
            </param>
            <param index="1">
              <value is-null="true"/>
            </param>
          </params>
          <exception class="java.lang.IllegalArgumentException">
            <message>
              <![CDATA[argument type mismatch]]>
            </message>
            <full-stacktrace>
              <![CDATA[java.lang.IllegalArgumentException: argument type mismatch
	at sun.reflect.NativeMethodAccessorImpl.invoke0(Native Method)
	at sun.reflect.NativeMethodAccessorImpl.invoke(NativeMethodAccessorImpl.java:57)
	at sun.reflect.DelegatingMethodAccessorImpl.invoke(DelegatingMethodAccessorImpl.java:43)
	at java.lang.reflect.Method.invoke(Method.java:606)
	at org.testng.internal.MethodInvocationHelper.invokeMethod(MethodInvocationHelper.java:85)
	at org.testng.internal.Invoker.invokeMethod(Invoker.java:639)
	at org.testng.internal.Invoker.invokeTestMethod(Invoker.java:816)
	at org.testng.internal.Invoker.invokeTestMethods(Invoker.java:1124)
	at org.testng.internal.TestMethodWorker.invokeTestMethods(TestMethodWorker.java:125)
	at org.testng.internal.TestMethodWorker.run(TestMethodWorker.java:108)
	at org.testng.TestRunner.privateRun(TestRunner.java:774)
	at org.testng.TestRunner.run(TestRunner.java:624)
	at org.testng.SuiteRunner.runTest(SuiteRunner.java:359)
	at org.testng.SuiteRunner.runSequentially(SuiteRunner.java:354)
	at org.testng.SuiteRunner.privateRun(SuiteRunner.java:312)
	at org.testng.SuiteRunner.run(SuiteRunner.java:261)
	at org.testng.SuiteRunnerWorker.runSuite(SuiteRunnerWorker.java:52)
	at org.testng.SuiteRunnerWorker.run(SuiteRunnerWorker.java:86)
	at org.testng.TestNG.runSuitesSequentially(TestNG.java:1215)
	at org.testng.TestNG.runSuitesLocally(TestNG.java:1140)
	at org.testng.TestNG.run(TestNG.java:1048)
	at org.testng.remote.RemoteTestNG.run(RemoteTestNG.java:112)
	at org.testng.remote.RemoteTestNG.initAndRun(RemoteTestNG.java:205)
	at org.testng.remote.RemoteTestNG.main(RemoteTestNG.java:176)
]]>
            </full-stacktrace>
          </exception> <!-- java.lang.IllegalArgumentException -->
          <reporter-output>
          </reporter-output>
        </test-method> <!-- checkingAreaCircleTestExclusion -->
      </class> <!-- geometricObjects.Rectangle.test.RectangleExclusionTest -->
      <class name="geometricObjects.Rectangle.test.RectangleTest">
        <test-method status="FAIL" signature="initGeometOb()[pri:0, instance:null]" name="initGeometOb" is-config="true" duration-ms="0" started-at="2015-10-31T03:29:15Z" finished-at="2015-10-31T03:29:15Z">
          <exception class="java.lang.NullPointerException">
            <full-stacktrace>
              <![CDATA[java.lang.NullPointerException
	at org.testng.internal.Invoker.invokeConfigurations(Invoker.java:178)
	at org.testng.internal.Invoker.invokeConfigurations(Invoker.java:138)
	at org.testng.internal.TestMethodWorker.invokeBeforeClassMethods(TestMethodWorker.java:170)
	at org.testng.internal.TestMethodWorker.run(TestMethodWorker.java:104)
	at org.testng.TestRunner.privateRun(TestRunner.java:774)
	at org.testng.TestRunner.run(TestRunner.java:624)
	at org.testng.SuiteRunner.runTest(SuiteRunner.java:359)
	at org.testng.SuiteRunner.runSequentially(SuiteRunner.java:354)
	at org.testng.SuiteRunner.privateRun(SuiteRunner.java:312)
	at org.testng.SuiteRunner.run(SuiteRunner.java:261)
	at org.testng.SuiteRunnerWorker.runSuite(SuiteRunnerWorker.java:52)
	at org.testng.SuiteRunnerWorker.run(SuiteRunnerWorker.java:86)
	at org.testng.TestNG.runSuitesSequentially(TestNG.java:1215)
	at org.testng.TestNG.runSuitesLocally(TestNG.java:1140)
	at org.testng.TestNG.run(TestNG.java:1048)
	at org.testng.remote.RemoteTestNG.run(RemoteTestNG.java:112)
	at org.testng.remote.RemoteTestNG.initAndRun(RemoteTestNG.java:205)
	at org.testng.remote.RemoteTestNG.main(RemoteTestNG.java:176)
]]>
            </full-stacktrace>
          </exception> <!-- java.lang.NullPointerException -->
          <reporter-output>
          </reporter-output>
        </test-method> <!-- initGeometOb -->
        <test-method status="FAIL" signature="checkingAreaRectangleTest()[pri:0, instance:null]" name="checkingAreaRectangleTest" duration-ms="0" started-at="2015-10-31T03:29:15Z" finished-at="2015-10-31T03:29:15Z">
          <exception class="org.testng.TestNGException">
            <message>
              <![CDATA[
Can't invoke public void geometricObjects.Rectangle.test.RectangleTest.checkingAreaRectangleTest(): either make it static or add a no-args constructor to your class]]>
            </message>
            <full-stacktrace>
              <![CDATA[org.testng.TestNGException: 
Can't invoke public void geometricObjects.Rectangle.test.RectangleTest.checkingAreaRectangleTest(): either make it static or add a no-args constructor to your class
	at org.testng.internal.Utils.checkInstanceOrStatic(Utils.java:800)
	at org.testng.internal.MethodInvocationHelper.invokeMethod(MethodInvocationHelper.java:41)
	at org.testng.internal.Invoker.invokeMethod(Invoker.java:639)
	at org.testng.internal.Invoker.invokeTestMethod(Invoker.java:816)
	at org.testng.internal.Invoker.invokeTestMethods(Invoker.java:1124)
	at org.testng.internal.TestMethodWorker.invokeTestMethods(TestMethodWorker.java:125)
	at org.testng.internal.TestMethodWorker.run(TestMethodWorker.java:108)
	at org.testng.TestRunner.privateRun(TestRunner.java:774)
	at org.testng.TestRunner.run(TestRunner.java:624)
	at org.testng.SuiteRunner.runTest(SuiteRunner.java:359)
	at org.testng.SuiteRunner.runSequentially(SuiteRunner.java:354)
	at org.testng.SuiteRunner.privateRun(SuiteRunner.java:312)
	at org.testng.SuiteRunner.run(SuiteRunner.java:261)
	at org.testng.SuiteRunnerWorker.runSuite(SuiteRunnerWorker.java:52)
	at org.testng.SuiteRunnerWorker.run(SuiteRunnerWorker.java:86)
	at org.testng.TestNG.runSuitesSequentially(TestNG.java:1215)
	at org.testng.TestNG.runSuitesLocally(TestNG.java:1140)
	at org.testng.TestNG.run(TestNG.java:1048)
	at org.testng.remote.RemoteTestNG.run(RemoteTestNG.java:112)
	at org.testng.remote.RemoteTestNG.initAndRun(RemoteTestNG.java:205)
	at org.testng.remote.RemoteTestNG.main(RemoteTestNG.java:176)
]]>
            </full-stacktrace>
          </exception> <!-- org.testng.TestNGException -->
          <reporter-output>
          </reporter-output>
        </test-method> <!-- checkingAreaRectangleTest -->
        <test-method status="FAIL" signature="checkingLengthRectangleTest()[pri:0, instance:null]" name="checkingLengthRectangleTest" duration-ms="1" started-at="2015-10-31T03:29:15Z" finished-at="2015-10-31T03:29:15Z">
          <exception class="org.testng.TestNGException">
            <message>
              <![CDATA[
Can't invoke public void geometricObjects.Rectangle.test.RectangleTest.checkingLengthRectangleTest(): either make it static or add a no-args constructor to your class]]>
            </message>
            <full-stacktrace>
              <![CDATA[org.testng.TestNGException: 
Can't invoke public void geometricObjects.Rectangle.test.RectangleTest.checkingLengthRectangleTest(): either make it static or add a no-args constructor to your class
	at org.testng.internal.Utils.checkInstanceOrStatic(Utils.java:800)
	at org.testng.internal.MethodInvocationHelper.invokeMethod(MethodInvocationHelper.java:41)
	at org.testng.internal.Invoker.invokeMethod(Invoker.java:639)
	at org.testng.internal.Invoker.invokeTestMethod(Invoker.java:816)
	at org.testng.internal.Invoker.invokeTestMethods(Invoker.java:1124)
	at org.testng.internal.TestMethodWorker.invokeTestMethods(TestMethodWorker.java:125)
	at org.testng.internal.TestMethodWorker.run(TestMethodWorker.java:108)
	at org.testng.TestRunner.privateRun(TestRunner.java:774)
	at org.testng.TestRunner.run(TestRunner.java:624)
	at org.testng.SuiteRunner.runTest(SuiteRunner.java:359)
	at org.testng.SuiteRunner.runSequentially(SuiteRunner.java:354)
	at org.testng.SuiteRunner.privateRun(SuiteRunner.java:312)
	at org.testng.SuiteRunner.run(SuiteRunner.java:261)
	at org.testng.SuiteRunnerWorker.runSuite(SuiteRunnerWorker.java:52)
	at org.testng.SuiteRunnerWorker.run(SuiteRunnerWorker.java:86)
	at org.testng.TestNG.runSuitesSequentially(TestNG.java:1215)
	at org.testng.TestNG.runSuitesLocally(TestNG.java:1140)
	at org.testng.TestNG.run(TestNG.java:1048)
	at org.testng.remote.RemoteTestNG.run(RemoteTestNG.java:112)
	at org.testng.remote.RemoteTestNG.initAndRun(RemoteTestNG.java:205)
	at org.testng.remote.RemoteTestNG.main(RemoteTestNG.java:176)
]]>
            </full-stacktrace>
          </exception> <!-- org.testng.TestNGException -->
          <reporter-output>
          </reporter-output>
        </test-method> <!-- checkingLengthRectangleTest -->
        <test-method status="FAIL" signature="checkingQuadrateRectangleTest()[pri:0, instance:null]" name="checkingQuadrateRectangleTest" duration-ms="0" started-at="2015-10-31T03:29:15Z" finished-at="2015-10-31T03:29:15Z">
          <exception class="org.testng.TestNGException">
            <message>
              <![CDATA[
Can't invoke public void geometricObjects.Rectangle.test.RectangleTest.checkingQuadrateRectangleTest(): either make it static or add a no-args constructor to your class]]>
            </message>
            <full-stacktrace>
              <![CDATA[org.testng.TestNGException: 
Can't invoke public void geometricObjects.Rectangle.test.RectangleTest.checkingQuadrateRectangleTest(): either make it static or add a no-args constructor to your class
	at org.testng.internal.Utils.checkInstanceOrStatic(Utils.java:800)
	at org.testng.internal.MethodInvocationHelper.invokeMethod(MethodInvocationHelper.java:41)
	at org.testng.internal.Invoker.invokeMethod(Invoker.java:639)
	at org.testng.internal.Invoker.invokeTestMethod(Invoker.java:816)
	at org.testng.internal.Invoker.invokeTestMethods(Invoker.java:1124)
	at org.testng.internal.TestMethodWorker.invokeTestMethods(TestMethodWorker.java:125)
	at org.testng.internal.TestMethodWorker.run(TestMethodWorker.java:108)
	at org.testng.TestRunner.privateRun(TestRunner.java:774)
	at org.testng.TestRunner.run(TestRunner.java:624)
	at org.testng.SuiteRunner.runTest(SuiteRunner.java:359)
	at org.testng.SuiteRunner.runSequentially(SuiteRunner.java:354)
	at org.testng.SuiteRunner.privateRun(SuiteRunner.java:312)
	at org.testng.SuiteRunner.run(SuiteRunner.java:261)
	at org.testng.SuiteRunnerWorker.runSuite(SuiteRunnerWorker.java:52)
	at org.testng.SuiteRunnerWorker.run(SuiteRunnerWorker.java:86)
	at org.testng.TestNG.runSuitesSequentially(TestNG.java:1215)
	at org.testng.TestNG.runSuitesLocally(TestNG.java:1140)
	at org.testng.TestNG.run(TestNG.java:1048)
	at org.testng.remote.RemoteTestNG.run(RemoteTestNG.java:112)
	at org.testng.remote.RemoteTestNG.initAndRun(RemoteTestNG.java:205)
	at org.testng.remote.RemoteTestNG.main(RemoteTestNG.java:176)
]]>
            </full-stacktrace>
          </exception> <!-- org.testng.TestNGException -->
          <reporter-output>
          </reporter-output>
        </test-method> <!-- checkingQuadrateRectangleTest -->
      </class> <!-- geometricObjects.Rectangle.test.RectangleTest -->
    </test> <!-- Default test -->
  </suite> <!-- Default suite -->
</testng-results>
